[10-Aug-2017 10:20:28 UTC] PHP Fatal error:  Class 'front\models\EasyUploadQuery' not found in /home/ubuntu/workspace/another.dev/app/front/models/EasyUpload.php on line 67
[10-Aug-2017 10:20:28 UTC] PHP Stack trace:
[10-Aug-2017 10:20:28 UTC] PHP   1. {main}() /home/ubuntu/workspace/another.dev/public/index.php:0
[10-Aug-2017 10:20:28 UTC] PHP   2. yii\base\Application->run() /home/ubuntu/workspace/another.dev/public/index.php:15
[10-Aug-2017 10:20:28 UTC] PHP   3. yii\web\Application->handleRequest() /home/ubuntu/workspace/another.dev/app/vendor/yiisoft/yii2/base/Application.php:380
[10-Aug-2017 10:20:28 UTC] PHP   4. yii\base\Module->runAction() /home/ubuntu/workspace/another.dev/app/vendor/yiisoft/yii2/web/Application.php:102
[10-Aug-2017 10:20:28 UTC] PHP   5. yii\base\Controller->runAction() /home/ubuntu/workspace/another.dev/app/vendor/yiisoft/yii2/base/Module.php:523
[10-Aug-2017 10:20:28 UTC] PHP   6. yii\base\InlineAction->runWithParams() /home/ubuntu/workspace/another.dev/app/vendor/yiisoft/yii2/base/Controller.php:156
[10-Aug-2017 10:20:28 UTC] PHP   7. call_user_func_array:{/home/ubuntu/workspace/another.dev/app/vendor/yiisoft/yii2/base/InlineAction.php:57}() /home/ubuntu/workspace/another.dev/app/vendor/yiisoft/yii2/base/InlineAction.php:57
[10-Aug-2017 10:20:28 UTC] PHP   8. front\controllers\EasyUploadController->actionIndex() /home/ubuntu/workspace/another.dev/app/vendor/yiisoft/yii2/base/InlineAction.php:57
[10-Aug-2017 10:20:28 UTC] PHP   9. front\models\EasyUploadSearch->search() /home/ubuntu/workspace/another.dev/app/front/controllers/EasyUploadController.php:39
[10-Aug-2017 10:20:28 UTC] PHP  10. front\models\EasyUpload::find() /home/ubuntu/workspace/another.dev/app/front/models/EasyUploadSearch.php:44
[10-Aug-2017 12:28:01 UTC] PHP Fatal error:  Class 'backend\models\EasyUpload' not found in /home/ubuntu/workspace/another.dev/app/front/controllers/EasyUploadController.php on line 108
[10-Aug-2017 12:28:01 UTC] PHP Stack trace:
[10-Aug-2017 12:28:01 UTC] PHP   1. {main}() /home/ubuntu/workspace/another.dev/public/index.php:0
[10-Aug-2017 12:28:01 UTC] PHP   2. yii\base\Application->run() /home/ubuntu/workspace/another.dev/public/index.php:15
[10-Aug-2017 12:28:01 UTC] PHP   3. yii\web\Application->handleRequest() /home/ubuntu/workspace/another.dev/app/vendor/yiisoft/yii2/base/Application.php:380
[10-Aug-2017 12:28:01 UTC] PHP   4. yii\base\Module->runAction() /home/ubuntu/workspace/another.dev/app/vendor/yiisoft/yii2/web/Application.php:102
[10-Aug-2017 12:28:01 UTC] PHP   5. yii\base\Controller->runAction() /home/ubuntu/workspace/another.dev/app/vendor/yiisoft/yii2/base/Module.php:523
[10-Aug-2017 12:28:01 UTC] PHP   6. yii\base\InlineAction->runWithParams() /home/ubuntu/workspace/another.dev/app/vendor/yiisoft/yii2/base/Controller.php:156
[10-Aug-2017 12:28:01 UTC] PHP   7. call_user_func_array:{/home/ubuntu/workspace/another.dev/app/vendor/yiisoft/yii2/base/InlineAction.php:57}() /home/ubuntu/workspace/another.dev/app/vendor/yiisoft/yii2/base/InlineAction.php:57
[10-Aug-2017 12:28:01 UTC] PHP   8. front\controllers\EasyUploadController->actionView() /home/ubuntu/workspace/another.dev/app/vendor/yiisoft/yii2/base/InlineAction.php:57
[10-Aug-2017 12:28:01 UTC] PHP   9. front\controllers\EasyUploadController->findModel() /home/ubuntu/workspace/another.dev/app/front/controllers/EasyUploadController.php:46
[17-Aug-2017 10:47:18 UTC] PHP Warning:  The use statement with non-compound name 'Yii' has no effect in /home/ubuntu/workspace/another.dev/app/front/views/site/blocks.php on line 2
[17-Aug-2017 10:47:18 UTC] PHP Stack trace:
[17-Aug-2017 10:47:18 UTC] PHP   1. {main}() /home/ubuntu/workspace/another.dev/public/index.php:0
[17-Aug-2017 10:47:18 UTC] PHP   2. yii\base\Application->run() /home/ubuntu/workspace/another.dev/public/index.php:15
[17-Aug-2017 10:47:18 UTC] PHP   3. yii\web\Application->handleRequest() /home/ubuntu/workspace/another.dev/app/vendor/yiisoft/yii2/base/Application.php:380
[17-Aug-2017 10:47:18 UTC] PHP   4. yii\base\Module->runAction() /home/ubuntu/workspace/another.dev/app/vendor/yiisoft/yii2/web/Application.php:102
[17-Aug-2017 10:47:18 UTC] PHP   5. yii\base\Controller->runAction() /home/ubuntu/workspace/another.dev/app/vendor/yiisoft/yii2/base/Module.php:523
[17-Aug-2017 10:47:18 UTC] PHP   6. yii\base\InlineAction->runWithParams() /home/ubuntu/workspace/another.dev/app/vendor/yiisoft/yii2/base/Controller.php:156
[17-Aug-2017 10:47:18 UTC] PHP   7. call_user_func_array:{/home/ubuntu/workspace/another.dev/app/vendor/yiisoft/yii2/base/InlineAction.php:57}() /home/ubuntu/workspace/another.dev/app/vendor/yiisoft/yii2/base/InlineAction.php:57
[17-Aug-2017 10:47:18 UTC] PHP   8. front\controllers\SiteController->actionBlocks() /home/ubuntu/workspace/another.dev/app/vendor/yiisoft/yii2/base/InlineAction.php:57
[17-Aug-2017 10:47:18 UTC] PHP   9. yii\base\Controller->render() /home/ubuntu/workspace/another.dev/app/front/controllers/SiteController.php:51
[17-Aug-2017 10:47:18 UTC] PHP  10. yii\base\View->render() /home/ubuntu/workspace/another.dev/app/vendor/yiisoft/yii2/base/Controller.php:381
[17-Aug-2017 10:47:18 UTC] PHP  11. yii\base\View->renderFile() /home/ubuntu/workspace/another.dev/app/vendor/yiisoft/yii2/base/View.php:152
[17-Aug-2017 10:47:18 UTC] PHP  12. yii\base\View->renderPhpFile() /home/ubuntu/workspace/another.dev/app/vendor/yiisoft/yii2/base/View.php:250
[19-Aug-2017 12:50:47 UTC] PHP Fatal error:  Class 'front\controllers\Controller' not found in /home/ubuntu/workspace/another.dev/app/front/controllers/ExchangeController.php on line 6
[19-Aug-2017 12:50:47 UTC] PHP Stack trace:
[19-Aug-2017 12:50:47 UTC] PHP   1. {main}() /home/ubuntu/workspace/another.dev/public/index.php:0
[19-Aug-2017 12:50:47 UTC] PHP   2. yii\base\Application->run() /home/ubuntu/workspace/another.dev/public/index.php:15
[19-Aug-2017 12:50:47 UTC] PHP   3. yii\web\Application->handleRequest() /home/ubuntu/workspace/another.dev/app/vendor/yiisoft/yii2/base/Application.php:380
[19-Aug-2017 12:50:47 UTC] PHP   4. yii\base\Module->runAction() /home/ubuntu/workspace/another.dev/app/vendor/yiisoft/yii2/web/Application.php:102
[19-Aug-2017 12:50:47 UTC] PHP   5. yii\base\Module->createController() /home/ubuntu/workspace/another.dev/app/vendor/yiisoft/yii2/base/Module.php:517
[19-Aug-2017 12:50:47 UTC] PHP   6. yii\base\Module->createControllerByID() /home/ubuntu/workspace/another.dev/app/vendor/yiisoft/yii2/base/Module.php:591
[19-Aug-2017 12:50:47 UTC] PHP   7. class_exists() /home/ubuntu/workspace/another.dev/app/vendor/yiisoft/yii2/base/Module.php:633
[19-Aug-2017 12:50:47 UTC] PHP   8. spl_autoload_call() /home/ubuntu/workspace/another.dev/app/vendor/yiisoft/yii2/base/Module.php:633
[19-Aug-2017 12:50:47 UTC] PHP   9. yii\BaseYii::autoload() /home/ubuntu/workspace/another.dev/app/vendor/yiisoft/yii2/base/Module.php:633
[19-Aug-2017 12:50:47 UTC] PHP  10. include() /home/ubuntu/workspace/another.dev/app/vendor/yiisoft/yii2/BaseYii.php:292
[22-Aug-2017 09:42:07 UTC] PHP Notice:  Undefined offset: 407 in /home/ubuntu/workspace/another.dev/app/vendor/cmrcx/phptidy/phptidy.php on line 1657
[22-Aug-2017 09:42:07 UTC] PHP Stack trace:
[22-Aug-2017 09:42:07 UTC] PHP   1. {main}() /home/ubuntu/workspace/another.dev/app/vendor/cmrcx/phptidy/phptidy.php:0
[22-Aug-2017 09:42:07 UTC] PHP   2. format() /home/ubuntu/workspace/another.dev/app/vendor/cmrcx/phptidy/phptidy.php:330
[22-Aug-2017 09:42:07 UTC] PHP   3. format_once() /home/ubuntu/workspace/another.dev/app/vendor/cmrcx/phptidy/phptidy.php:466
[22-Aug-2017 09:42:07 UTC] PHP   4. add_blank_lines() /home/ubuntu/workspace/another.dev/app/vendor/cmrcx/phptidy/phptidy.php:527
[22-Aug-2017 09:42:07 UTC] PHP Fatal error:  Class 'front\models\Category' not found in /home/ubuntu/workspace/another.dev/app/front/models/base/BlogPost.php on line 67
[22-Aug-2017 09:42:07 UTC] PHP Stack trace:
[22-Aug-2017 09:42:07 UTC] PHP   1. {main}() /home/ubuntu/workspace/another.dev/public/index.php:0
[22-Aug-2017 09:42:07 UTC] PHP   2. yii\base\Application->run() /home/ubuntu/workspace/another.dev/public/index.php:15
[22-Aug-2017 09:42:07 UTC] PHP   3. yii\web\Application->handleRequest() /home/ubuntu/workspace/another.dev/app/vendor/yiisoft/yii2/base/Application.php:380
[22-Aug-2017 09:42:07 UTC] PHP   4. yii\base\Module->runAction() /home/ubuntu/workspace/another.dev/app/vendor/yiisoft/yii2/web/Application.php:102
[22-Aug-2017 09:42:07 UTC] PHP   5. yii\base\Controller->runAction() /home/ubuntu/workspace/another.dev/app/vendor/yiisoft/yii2/base/Module.php:523
[22-Aug-2017 09:42:07 UTC] PHP   6. yii\base\InlineAction->runWithParams() /home/ubuntu/workspace/another.dev/app/vendor/yiisoft/yii2/base/Controller.php:156
[22-Aug-2017 09:42:07 UTC] PHP   7. call_user_func_array:{/home/ubuntu/workspace/another.dev/app/vendor/yiisoft/yii2/base/InlineAction.php:57}() /home/ubuntu/workspace/another.dev/app/vendor/yiisoft/yii2/base/InlineAction.php:57
[22-Aug-2017 09:42:07 UTC] PHP   8. yii\gii\controllers\DefaultController->actionView() /home/ubuntu/workspace/another.dev/app/vendor/yiisoft/yii2/base/InlineAction.php:57
[22-Aug-2017 09:42:07 UTC] PHP   9. schmunk42\giiant\generators\crud\Generator->generate() /home/ubuntu/workspace/another.dev/app/vendor/yiisoft/yii2-gii/controllers/DefaultController.php:50
[22-Aug-2017 09:42:07 UTC] PHP  10. schmunk42\giiant\generators\crud\Generator->render() /home/ubuntu/workspace/another.dev/app/vendor/schmunk42/yii2-giiant/src/generators/crud/Generator.php:355
[22-Aug-2017 09:42:07 UTC] PHP  11. yii\gii\Generator->render() /home/ubuntu/workspace/another.dev/app/vendor/schmunk42/yii2-giiant/src/generators/crud/Generator.php:393
[22-Aug-2017 09:42:07 UTC] PHP  12. yii\base\View->renderFile() /home/ubuntu/workspace/another.dev/app/vendor/yiisoft/yii2-gii/Generator.php:317
[22-Aug-2017 09:42:07 UTC] PHP  13. yii\base\View->renderPhpFile() /home/ubuntu/workspace/another.dev/app/vendor/yiisoft/yii2/base/View.php:250
[22-Aug-2017 09:42:07 UTC] PHP  14. require() /home/ubuntu/workspace/another.dev/app/vendor/yiisoft/yii2/base/View.php:330
[22-Aug-2017 09:42:07 UTC] PHP  15. yii\base\Model->safeAttributes() /home/ubuntu/workspace/another.dev/app/vendor/schmunk42/yii2-giiant/src/generators/crud/default/views/_form.php:14
[22-Aug-2017 09:42:07 UTC] PHP  16. yii\base\Model->scenarios() /home/ubuntu/workspace/another.dev/app/vendor/yiisoft/yii2/base/Model.php:751
[22-Aug-2017 09:42:07 UTC] PHP  17. yii\base\Model->getValidators() /home/ubuntu/workspace/another.dev/app/vendor/yiisoft/yii2/base/Model.php:187
[22-Aug-2017 09:42:07 UTC] PHP  18. yii\base\Model->createValidators() /home/ubuntu/workspace/another.dev/app/vendor/yiisoft/yii2/base/Model.php:411
[22-Aug-2017 09:42:07 UTC] PHP  19. front\models\BlogPost->rules() /home/ubuntu/workspace/another.dev/app/vendor/yiisoft/yii2/base/Model.php:443
[22-Aug-2017 09:42:07 UTC] PHP  20. front\models\base\BlogPost->rules() /home/ubuntu/workspace/another.dev/app/front/models/BlogPost.php:28
[22-Aug-2017 09:54:51 UTC] PHP Notice:  Undefined offset: 407 in /home/ubuntu/workspace/another.dev/app/vendor/cmrcx/phptidy/phptidy.php on line 1657
[22-Aug-2017 09:54:51 UTC] PHP Stack trace:
[22-Aug-2017 09:54:51 UTC] PHP   1. {main}() /home/ubuntu/workspace/another.dev/app/vendor/cmrcx/phptidy/phptidy.php:0
[22-Aug-2017 09:54:51 UTC] PHP   2. format() /home/ubuntu/workspace/another.dev/app/vendor/cmrcx/phptidy/phptidy.php:330
[22-Aug-2017 09:54:51 UTC] PHP   3. format_once() /home/ubuntu/workspace/another.dev/app/vendor/cmrcx/phptidy/phptidy.php:466
[22-Aug-2017 09:54:51 UTC] PHP   4. add_blank_lines() /home/ubuntu/workspace/another.dev/app/vendor/cmrcx/phptidy/phptidy.php:527
[22-Aug-2017 09:54:51 UTC] PHP Fatal error:  Class 'front\models\Category' not found in /home/ubuntu/workspace/another.dev/app/front/models/base/BlogPost.php on line 67
[22-Aug-2017 09:54:51 UTC] PHP Stack trace:
[22-Aug-2017 09:54:51 UTC] PHP   1. {main}() /home/ubuntu/workspace/another.dev/public/index.php:0
[22-Aug-2017 09:54:51 UTC] PHP   2. yii\base\Application->run() /home/ubuntu/workspace/another.dev/public/index.php:15
[22-Aug-2017 09:54:51 UTC] PHP   3. yii\web\Application->handleRequest() /home/ubuntu/workspace/another.dev/app/vendor/yiisoft/yii2/base/Application.php:380
[22-Aug-2017 09:54:51 UTC] PHP   4. yii\base\Module->runAction() /home/ubuntu/workspace/another.dev/app/vendor/yiisoft/yii2/web/Application.php:102
[22-Aug-2017 09:54:51 UTC] PHP   5. yii\base\Controller->runAction() /home/ubuntu/workspace/another.dev/app/vendor/yiisoft/yii2/base/Module.php:523
[22-Aug-2017 09:54:51 UTC] PHP   6. yii\base\InlineAction->runWithParams() /home/ubuntu/workspace/another.dev/app/vendor/yiisoft/yii2/base/Controller.php:156
[22-Aug-2017 09:54:51 UTC] PHP   7. call_user_func_array:{/home/ubuntu/workspace/another.dev/app/vendor/yiisoft/yii2/base/InlineAction.php:57}() /home/ubuntu/workspace/another.dev/app/vendor/yiisoft/yii2/base/InlineAction.php:57
[22-Aug-2017 09:54:51 UTC] PHP   8. yii\gii\controllers\DefaultController->actionView() /home/ubuntu/workspace/another.dev/app/vendor/yiisoft/yii2/base/InlineAction.php:57
[22-Aug-2017 09:54:51 UTC] PHP   9. schmunk42\giiant\generators\crud\Generator->generate() /home/ubuntu/workspace/another.dev/app/vendor/yiisoft/yii2-gii/controllers/DefaultController.php:50
[22-Aug-2017 09:54:51 UTC] PHP  10. schmunk42\giiant\generators\crud\Generator->render() /home/ubuntu/workspace/another.dev/app/vendor/schmunk42/yii2-giiant/src/generators/crud/Generator.php:355
[22-Aug-2017 09:54:51 UTC] PHP  11. yii\gii\Generator->render() /home/ubuntu/workspace/another.dev/app/vendor/schmunk42/yii2-giiant/src/generators/crud/Generator.php:393
[22-Aug-2017 09:54:51 UTC] PHP  12. yii\base\View->renderFile() /home/ubuntu/workspace/another.dev/app/vendor/yiisoft/yii2-gii/Generator.php:317
[22-Aug-2017 09:54:51 UTC] PHP  13. yii\base\View->renderPhpFile() /home/ubuntu/workspace/another.dev/app/vendor/yiisoft/yii2/base/View.php:250
[22-Aug-2017 09:54:51 UTC] PHP  14. require() /home/ubuntu/workspace/another.dev/app/vendor/yiisoft/yii2/base/View.php:330
[22-Aug-2017 09:54:51 UTC] PHP  15. yii\base\Model->safeAttributes() /home/ubuntu/workspace/another.dev/app/vendor/schmunk42/yii2-giiant/src/generators/crud/default/views/_form.php:14
[22-Aug-2017 09:54:51 UTC] PHP  16. yii\base\Model->scenarios() /home/ubuntu/workspace/another.dev/app/vendor/yiisoft/yii2/base/Model.php:751
[22-Aug-2017 09:54:51 UTC] PHP  17. yii\base\Model->getValidators() /home/ubuntu/workspace/another.dev/app/vendor/yiisoft/yii2/base/Model.php:187
[22-Aug-2017 09:54:51 UTC] PHP  18. yii\base\Model->createValidators() /home/ubuntu/workspace/another.dev/app/vendor/yiisoft/yii2/base/Model.php:411
[22-Aug-2017 09:54:51 UTC] PHP  19. front\models\BlogPost->rules() /home/ubuntu/workspace/another.dev/app/vendor/yiisoft/yii2/base/Model.php:443
[22-Aug-2017 09:54:51 UTC] PHP  20. front\models\base\BlogPost->rules() /home/ubuntu/workspace/another.dev/app/front/models/BlogPost.php:28
[22-Aug-2017 09:56:07 UTC] PHP Notice:  Undefined offset: 283 in /home/ubuntu/workspace/another.dev/app/vendor/cmrcx/phptidy/phptidy.php on line 1657
[22-Aug-2017 09:56:07 UTC] PHP Stack trace:
[22-Aug-2017 09:56:07 UTC] PHP   1. {main}() /home/ubuntu/workspace/another.dev/app/vendor/cmrcx/phptidy/phptidy.php:0
[22-Aug-2017 09:56:07 UTC] PHP   2. format() /home/ubuntu/workspace/another.dev/app/vendor/cmrcx/phptidy/phptidy.php:330
[22-Aug-2017 09:56:07 UTC] PHP   3. format_once() /home/ubuntu/workspace/another.dev/app/vendor/cmrcx/phptidy/phptidy.php:466
[22-Aug-2017 09:56:07 UTC] PHP   4. add_blank_lines() /home/ubuntu/workspace/another.dev/app/vendor/cmrcx/phptidy/phptidy.php:527
[22-Aug-2017 09:58:19 UTC] PHP Notice:  Undefined offset: 407 in /home/ubuntu/workspace/another.dev/app/vendor/cmrcx/phptidy/phptidy.php on line 1657
[22-Aug-2017 09:58:19 UTC] PHP Stack trace:
[22-Aug-2017 09:58:19 UTC] PHP   1. {main}() /home/ubuntu/workspace/another.dev/app/vendor/cmrcx/phptidy/phptidy.php:0
[22-Aug-2017 09:58:19 UTC] PHP   2. format() /home/ubuntu/workspace/another.dev/app/vendor/cmrcx/phptidy/phptidy.php:330
[22-Aug-2017 09:58:19 UTC] PHP   3. format_once() /home/ubuntu/workspace/another.dev/app/vendor/cmrcx/phptidy/phptidy.php:466
[22-Aug-2017 09:58:19 UTC] PHP   4. add_blank_lines() /home/ubuntu/workspace/another.dev/app/vendor/cmrcx/phptidy/phptidy.php:527
[22-Aug-2017 09:58:35 UTC] PHP Notice:  Undefined offset: 407 in /home/ubuntu/workspace/another.dev/app/vendor/cmrcx/phptidy/phptidy.php on line 1657
[22-Aug-2017 09:58:35 UTC] PHP Stack trace:
[22-Aug-2017 09:58:35 UTC] PHP   1. {main}() /home/ubuntu/workspace/another.dev/app/vendor/cmrcx/phptidy/phptidy.php:0
[22-Aug-2017 09:58:35 UTC] PHP   2. format() /home/ubuntu/workspace/another.dev/app/vendor/cmrcx/phptidy/phptidy.php:330
[22-Aug-2017 09:58:35 UTC] PHP   3. format_once() /home/ubuntu/workspace/another.dev/app/vendor/cmrcx/phptidy/phptidy.php:466
[22-Aug-2017 09:58:35 UTC] PHP   4. add_blank_lines() /home/ubuntu/workspace/another.dev/app/vendor/cmrcx/phptidy/phptidy.php:527
[22-Aug-2017 10:00:46 UTC] PHP Notice:  Undefined offset: 283 in /home/ubuntu/workspace/another.dev/app/vendor/cmrcx/phptidy/phptidy.php on line 1657
[22-Aug-2017 10:00:46 UTC] PHP Stack trace:
[22-Aug-2017 10:00:46 UTC] PHP   1. {main}() /home/ubuntu/workspace/another.dev/app/vendor/cmrcx/phptidy/phptidy.php:0
[22-Aug-2017 10:00:46 UTC] PHP   2. format() /home/ubuntu/workspace/another.dev/app/vendor/cmrcx/phptidy/phptidy.php:330
[22-Aug-2017 10:00:46 UTC] PHP   3. format_once() /home/ubuntu/workspace/another.dev/app/vendor/cmrcx/phptidy/phptidy.php:466
[22-Aug-2017 10:00:46 UTC] PHP   4. add_blank_lines() /home/ubuntu/workspace/another.dev/app/vendor/cmrcx/phptidy/phptidy.php:527
[22-Aug-2017 10:00:51 UTC] PHP Notice:  Undefined offset: 283 in /home/ubuntu/workspace/another.dev/app/vendor/cmrcx/phptidy/phptidy.php on line 1657
[22-Aug-2017 10:00:51 UTC] PHP Stack trace:
[22-Aug-2017 10:00:51 UTC] PHP   1. {main}() /home/ubuntu/workspace/another.dev/app/vendor/cmrcx/phptidy/phptidy.php:0
[22-Aug-2017 10:00:51 UTC] PHP   2. format() /home/ubuntu/workspace/another.dev/app/vendor/cmrcx/phptidy/phptidy.php:330
[22-Aug-2017 10:00:51 UTC] PHP   3. format_once() /home/ubuntu/workspace/another.dev/app/vendor/cmrcx/phptidy/phptidy.php:466
[22-Aug-2017 10:00:51 UTC] PHP   4. add_blank_lines() /home/ubuntu/workspace/another.dev/app/vendor/cmrcx/phptidy/phptidy.php:527
[22-Aug-2017 10:06:27 UTC] PHP Notice:  Undefined offset: 271 in /home/ubuntu/workspace/another.dev/app/vendor/cmrcx/phptidy/phptidy.php on line 1657
[22-Aug-2017 10:06:27 UTC] PHP Stack trace:
[22-Aug-2017 10:06:27 UTC] PHP   1. {main}() /home/ubuntu/workspace/another.dev/app/vendor/cmrcx/phptidy/phptidy.php:0
[22-Aug-2017 10:06:27 UTC] PHP   2. format() /home/ubuntu/workspace/another.dev/app/vendor/cmrcx/phptidy/phptidy.php:330
[22-Aug-2017 10:06:27 UTC] PHP   3. format_once() /home/ubuntu/workspace/another.dev/app/vendor/cmrcx/phptidy/phptidy.php:466
[22-Aug-2017 10:06:27 UTC] PHP   4. add_blank_lines() /home/ubuntu/workspace/another.dev/app/vendor/cmrcx/phptidy/phptidy.php:527
[22-Aug-2017 10:06:31 UTC] PHP Notice:  Undefined offset: 271 in /home/ubuntu/workspace/another.dev/app/vendor/cmrcx/phptidy/phptidy.php on line 1657
[22-Aug-2017 10:06:32 UTC] PHP Stack trace:
[22-Aug-2017 10:06:32 UTC] PHP   1. {main}() /home/ubuntu/workspace/another.dev/app/vendor/cmrcx/phptidy/phptidy.php:0
[22-Aug-2017 10:06:32 UTC] PHP   2. format() /home/ubuntu/workspace/another.dev/app/vendor/cmrcx/phptidy/phptidy.php:330
[22-Aug-2017 10:06:32 UTC] PHP   3. format_once() /home/ubuntu/workspace/another.dev/app/vendor/cmrcx/phptidy/phptidy.php:466
[22-Aug-2017 10:06:32 UTC] PHP   4. add_blank_lines() /home/ubuntu/workspace/another.dev/app/vendor/cmrcx/phptidy/phptidy.php:527
[22-Aug-2017 10:18:15 UTC] PHP Fatal error:  Class 'dosamigos\ckeditor\CKEditor' not found in /home/ubuntu/workspace/another.dev/app/vendor/yiisoft/yii2/widgets/ActiveField.php on line 725
[22-Aug-2017 10:18:15 UTC] PHP Stack trace:
[22-Aug-2017 10:18:15 UTC] PHP   1. {main}() /home/ubuntu/workspace/another.dev/public/index.php:0
[22-Aug-2017 10:18:15 UTC] PHP   2. yii\base\Application->run() /home/ubuntu/workspace/another.dev/public/index.php:15
[22-Aug-2017 10:18:15 UTC] PHP   3. yii\web\Application->handleRequest() /home/ubuntu/workspace/another.dev/app/vendor/yiisoft/yii2/base/Application.php:380
[22-Aug-2017 10:18:15 UTC] PHP   4. yii\base\Module->runAction() /home/ubuntu/workspace/another.dev/app/vendor/yiisoft/yii2/web/Application.php:102
[22-Aug-2017 10:18:15 UTC] PHP   5. yii\base\Controller->runAction() /home/ubuntu/workspace/another.dev/app/vendor/yiisoft/yii2/base/Module.php:523
[22-Aug-2017 10:18:15 UTC] PHP   6. yii\base\InlineAction->runWithParams() /home/ubuntu/workspace/another.dev/app/vendor/yiisoft/yii2/base/Controller.php:156
[22-Aug-2017 10:18:15 UTC] PHP   7. call_user_func_array:{/home/ubuntu/workspace/another.dev/app/vendor/yiisoft/yii2/base/InlineAction.php:57}() /home/ubuntu/workspace/another.dev/app/vendor/yiisoft/yii2/base/InlineAction.php:57
[22-Aug-2017 10:18:15 UTC] PHP   8. front\controllers\base\PostController->actionUpdate() /home/ubuntu/workspace/another.dev/app/vendor/yiisoft/yii2/base/InlineAction.php:57
[22-Aug-2017 10:18:15 UTC] PHP   9. yii\base\Controller->render() /home/ubuntu/workspace/another.dev/app/front/controllers/base/PostController.php:113
[22-Aug-2017 10:18:15 UTC] PHP  10. yii\base\View->render() /home/ubuntu/workspace/another.dev/app/vendor/yiisoft/yii2/base/Controller.php:381
[22-Aug-2017 10:18:15 UTC] PHP  11. yii\base\View->renderFile() /home/ubuntu/workspace/another.dev/app/vendor/yiisoft/yii2/base/View.php:152
[22-Aug-2017 10:18:15 UTC] PHP  12. yii\base\View->renderPhpFile() /home/ubuntu/workspace/another.dev/app/vendor/yiisoft/yii2/base/View.php:250
[22-Aug-2017 10:18:15 UTC] PHP  13. require() /home/ubuntu/workspace/another.dev/app/vendor/yiisoft/yii2/base/View.php:330
[22-Aug-2017 10:18:15 UTC] PHP  14. yii\base\View->render() /home/ubuntu/workspace/another.dev/app/front/views/post/update.php:38
[22-Aug-2017 10:18:15 UTC] PHP  15. yii\base\View->renderFile() /home/ubuntu/workspace/another.dev/app/vendor/yiisoft/yii2/base/View.php:152
[22-Aug-2017 10:18:15 UTC] PHP  16. yii\base\View->renderPhpFile() /home/ubuntu/workspace/another.dev/app/vendor/yiisoft/yii2/base/View.php:250
[22-Aug-2017 10:18:15 UTC] PHP  17. require() /home/ubuntu/workspace/another.dev/app/vendor/yiisoft/yii2/base/View.php:330
[22-Aug-2017 10:18:15 UTC] PHP  18. yii\widgets\ActiveField->widget() /home/ubuntu/workspace/another.dev/app/front/views/post/_form.php:83
[22-Aug-2017 10:18:23 UTC] PHP Fatal error:  Class 'dosamigos\ckeditor\CKEditor' not found in /home/ubuntu/workspace/another.dev/app/vendor/yiisoft/yii2/widgets/ActiveField.php on line 725
[22-Aug-2017 10:18:23 UTC] PHP Stack trace:
[22-Aug-2017 10:18:23 UTC] PHP   1. {main}() /home/ubuntu/workspace/another.dev/public/index.php:0
[22-Aug-2017 10:18:23 UTC] PHP   2. yii\base\Application->run() /home/ubuntu/workspace/another.dev/public/index.php:15
[22-Aug-2017 10:18:23 UTC] PHP   3. yii\web\Application->handleRequest() /home/ubuntu/workspace/another.dev/app/vendor/yiisoft/yii2/base/Application.php:380
[22-Aug-2017 10:18:23 UTC] PHP   4. yii\base\Module->runAction() /home/ubuntu/workspace/another.dev/app/vendor/yiisoft/yii2/web/Application.php:102
[22-Aug-2017 10:18:23 UTC] PHP   5. yii\base\Controller->runAction() /home/ubuntu/workspace/another.dev/app/vendor/yiisoft/yii2/base/Module.php:523
[22-Aug-2017 10:18:23 UTC] PHP   6. yii\base\InlineAction->runWithParams() /home/ubuntu/workspace/another.dev/app/vendor/yiisoft/yii2/base/Controller.php:156
[22-Aug-2017 10:18:23 UTC] PHP   7. call_user_func_array:{/home/ubuntu/workspace/another.dev/app/vendor/yiisoft/yii2/base/InlineAction.php:57}() /home/ubuntu/workspace/another.dev/app/vendor/yiisoft/yii2/base/InlineAction.php:57
[22-Aug-2017 10:18:23 UTC] PHP   8. front\controllers\base\PostController->actionUpdate() /home/ubuntu/workspace/another.dev/app/vendor/yiisoft/yii2/base/InlineAction.php:57
[22-Aug-2017 10:18:23 UTC] PHP   9. yii\base\Controller->render() /home/ubuntu/workspace/another.dev/app/front/controllers/base/PostController.php:113
[22-Aug-2017 10:18:23 UTC] PHP  10. yii\base\View->render() /home/ubuntu/workspace/another.dev/app/vendor/yiisoft/yii2/base/Controller.php:381
[22-Aug-2017 10:18:23 UTC] PHP  11. yii\base\View->renderFile() /home/ubuntu/workspace/another.dev/app/vendor/yiisoft/yii2/base/View.php:152
[22-Aug-2017 10:18:23 UTC] PHP  12. yii\base\View->renderPhpFile() /home/ubuntu/workspace/another.dev/app/vendor/yiisoft/yii2/base/View.php:250
[22-Aug-2017 10:18:23 UTC] PHP  13. require() /home/ubuntu/workspace/another.dev/app/vendor/yiisoft/yii2/base/View.php:330
[22-Aug-2017 10:18:23 UTC] PHP  14. yii\base\View->render() /home/ubuntu/workspace/another.dev/app/front/views/post/update.php:38
[22-Aug-2017 10:18:23 UTC] PHP  15. yii\base\View->renderFile() /home/ubuntu/workspace/another.dev/app/vendor/yiisoft/yii2/base/View.php:152
[22-Aug-2017 10:18:23 UTC] PHP  16. yii\base\View->renderPhpFile() /home/ubuntu/workspace/another.dev/app/vendor/yiisoft/yii2/base/View.php:250
[22-Aug-2017 10:18:23 UTC] PHP  17. require() /home/ubuntu/workspace/another.dev/app/vendor/yiisoft/yii2/base/View.php:330
[22-Aug-2017 10:18:23 UTC] PHP  18. yii\widgets\ActiveField->widget() /home/ubuntu/workspace/another.dev/app/front/views/post/_form.php:83
[23-Aug-2017 10:05:59 UTC] PHP Fatal error:  Class 'DatePicker' not found in /home/ubuntu/workspace/another.dev/app/front/views/photo-library/_form.php on line 24
[23-Aug-2017 10:05:59 UTC] PHP Stack trace:
[23-Aug-2017 10:05:59 UTC] PHP   1. {main}() /home/ubuntu/workspace/another.dev/public/index.php:0
[23-Aug-2017 10:05:59 UTC] PHP   2. yii\base\Application->run() /home/ubuntu/workspace/another.dev/public/index.php:15
[23-Aug-2017 10:05:59 UTC] PHP   3. yii\web\Application->handleRequest() /home/ubuntu/workspace/another.dev/app/vendor/yiisoft/yii2/base/Application.php:380
[23-Aug-2017 10:05:59 UTC] PHP   4. yii\base\Module->runAction() /home/ubuntu/workspace/another.dev/app/vendor/yiisoft/yii2/web/Application.php:102
[23-Aug-2017 10:05:59 UTC] PHP   5. yii\base\Controller->runAction() /home/ubuntu/workspace/another.dev/app/vendor/yiisoft/yii2/base/Module.php:523
[23-Aug-2017 10:05:59 UTC] PHP   6. yii\base\InlineAction->runWithParams() /home/ubuntu/workspace/another.dev/app/vendor/yiisoft/yii2/base/Controller.php:156
[23-Aug-2017 10:05:59 UTC] PHP   7. call_user_func_array:{/home/ubuntu/workspace/another.dev/app/vendor/yiisoft/yii2/base/InlineAction.php:57}() /home/ubuntu/workspace/another.dev/app/vendor/yiisoft/yii2/base/InlineAction.php:57
[23-Aug-2017 10:05:59 UTC] PHP   8. front\controllers\PhotoLibraryController->actionCreate() /home/ubuntu/workspace/another.dev/app/vendor/yiisoft/yii2/base/InlineAction.php:57
[23-Aug-2017 10:05:59 UTC] PHP   9. yii\base\Controller->render() /home/ubuntu/workspace/another.dev/app/front/controllers/PhotoLibraryController.php:73
[23-Aug-2017 10:05:59 UTC] PHP  10. yii\base\View->render() /home/ubuntu/workspace/another.dev/app/vendor/yiisoft/yii2/base/Controller.php:381
[23-Aug-2017 10:05:59 UTC] PHP  11. yii\base\View->renderFile() /home/ubuntu/workspace/another.dev/app/vendor/yiisoft/yii2/base/View.php:152
[23-Aug-2017 10:05:59 UTC] PHP  12. yii\base\View->renderPhpFile() /home/ubuntu/workspace/another.dev/app/vendor/yiisoft/yii2/base/View.php:250
[23-Aug-2017 10:05:59 UTC] PHP  13. require() /home/ubuntu/workspace/another.dev/app/vendor/yiisoft/yii2/base/View.php:330
[23-Aug-2017 10:05:59 UTC] PHP  14. yii\base\View->render() /home/ubuntu/workspace/another.dev/app/front/views/photo-library/create.php:19
[23-Aug-2017 10:05:59 UTC] PHP  15. yii\base\View->renderFile() /home/ubuntu/workspace/another.dev/app/vendor/yiisoft/yii2/base/View.php:152
[23-Aug-2017 10:05:59 UTC] PHP  16. yii\base\View->renderPhpFile() /home/ubuntu/workspace/another.dev/app/vendor/yiisoft/yii2/base/View.php:250
[23-Aug-2017 10:05:59 UTC] PHP  17. require() /home/ubuntu/workspace/another.dev/app/vendor/yiisoft/yii2/base/View.php:330
[23-Aug-2017 10:08:10 UTC] PHP Fatal error:  Class 'Select2' not found in /home/ubuntu/workspace/another.dev/app/front/views/photo-library/_form.php on line 54
[23-Aug-2017 10:08:10 UTC] PHP Stack trace:
[23-Aug-2017 10:08:10 UTC] PHP   1. {main}() /home/ubuntu/workspace/another.dev/public/index.php:0
[23-Aug-2017 10:08:10 UTC] PHP   2. yii\base\Application->run() /home/ubuntu/workspace/another.dev/public/index.php:15
[23-Aug-2017 10:08:10 UTC] PHP   3. yii\web\Application->handleRequest() /home/ubuntu/workspace/another.dev/app/vendor/yiisoft/yii2/base/Application.php:380
[23-Aug-2017 10:08:10 UTC] PHP   4. yii\base\Module->runAction() /home/ubuntu/workspace/another.dev/app/vendor/yiisoft/yii2/web/Application.php:102
[23-Aug-2017 10:08:10 UTC] PHP   5. yii\base\Controller->runAction() /home/ubuntu/workspace/another.dev/app/vendor/yiisoft/yii2/base/Module.php:523
[23-Aug-2017 10:08:10 UTC] PHP   6. yii\base\InlineAction->runWithParams() /home/ubuntu/workspace/another.dev/app/vendor/yiisoft/yii2/base/Controller.php:156
[23-Aug-2017 10:08:10 UTC] PHP   7. call_user_func_array:{/home/ubuntu/workspace/another.dev/app/vendor/yiisoft/yii2/base/InlineAction.php:57}() /home/ubuntu/workspace/another.dev/app/vendor/yiisoft/yii2/base/InlineAction.php:57
[23-Aug-2017 10:08:10 UTC] PHP   8. front\controllers\PhotoLibraryController->actionCreate() /home/ubuntu/workspace/another.dev/app/vendor/yiisoft/yii2/base/InlineAction.php:57
[23-Aug-2017 10:08:10 UTC] PHP   9. yii\base\Controller->render() /home/ubuntu/workspace/another.dev/app/front/controllers/PhotoLibraryController.php:73
[23-Aug-2017 10:08:10 UTC] PHP  10. yii\base\View->render() /home/ubuntu/workspace/another.dev/app/vendor/yiisoft/yii2/base/Controller.php:381
[23-Aug-2017 10:08:10 UTC] PHP  11. yii\base\View->renderFile() /home/ubuntu/workspace/another.dev/app/vendor/yiisoft/yii2/base/View.php:152
[23-Aug-2017 10:08:10 UTC] PHP  12. yii\base\View->renderPhpFile() /home/ubuntu/workspace/another.dev/app/vendor/yiisoft/yii2/base/View.php:250
[23-Aug-2017 10:08:10 UTC] PHP  13. require() /home/ubuntu/workspace/another.dev/app/vendor/yiisoft/yii2/base/View.php:330
[23-Aug-2017 10:08:10 UTC] PHP  14. yii\base\View->render() /home/ubuntu/workspace/another.dev/app/front/views/photo-library/create.php:19
[23-Aug-2017 10:08:10 UTC] PHP  15. yii\base\View->renderFile() /home/ubuntu/workspace/another.dev/app/vendor/yiisoft/yii2/base/View.php:152
[23-Aug-2017 10:08:10 UTC] PHP  16. yii\base\View->renderPhpFile() /home/ubuntu/workspace/another.dev/app/vendor/yiisoft/yii2/base/View.php:250
[23-Aug-2017 10:08:10 UTC] PHP  17. require() /home/ubuntu/workspace/another.dev/app/vendor/yiisoft/yii2/base/View.php:330
[23-Aug-2017 10:08:26 UTC] PHP Fatal error:  Class 'ArrayHelper' not found in /home/ubuntu/workspace/another.dev/app/front/views/photo-library/_form.php on line 56
[23-Aug-2017 10:08:26 UTC] PHP Stack trace:
[23-Aug-2017 10:08:26 UTC] PHP   1. {main}() /home/ubuntu/workspace/another.dev/public/index.php:0
[23-Aug-2017 10:08:26 UTC] PHP   2. yii\base\Application->run() /home/ubuntu/workspace/another.dev/public/index.php:15
[23-Aug-2017 10:08:26 UTC] PHP   3. yii\web\Application->handleRequest() /home/ubuntu/workspace/another.dev/app/vendor/yiisoft/yii2/base/Application.php:380
[23-Aug-2017 10:08:26 UTC] PHP   4. yii\base\Module->runAction() /home/ubuntu/workspace/another.dev/app/vendor/yiisoft/yii2/web/Application.php:102
[23-Aug-2017 10:08:26 UTC] PHP   5. yii\base\Controller->runAction() /home/ubuntu/workspace/another.dev/app/vendor/yiisoft/yii2/base/Module.php:523
[23-Aug-2017 10:08:26 UTC] PHP   6. yii\base\InlineAction->runWithParams() /home/ubuntu/workspace/another.dev/app/vendor/yiisoft/yii2/base/Controller.php:156
[23-Aug-2017 10:08:26 UTC] PHP   7. call_user_func_array:{/home/ubuntu/workspace/another.dev/app/vendor/yiisoft/yii2/base/InlineAction.php:57}() /home/ubuntu/workspace/another.dev/app/vendor/yiisoft/yii2/base/InlineAction.php:57
[23-Aug-2017 10:08:26 UTC] PHP   8. front\controllers\PhotoLibraryController->actionCreate() /home/ubuntu/workspace/another.dev/app/vendor/yiisoft/yii2/base/InlineAction.php:57
[23-Aug-2017 10:08:26 UTC] PHP   9. yii\base\Controller->render() /home/ubuntu/workspace/another.dev/app/front/controllers/PhotoLibraryController.php:73
[23-Aug-2017 10:08:26 UTC] PHP  10. yii\base\View->render() /home/ubuntu/workspace/another.dev/app/vendor/yiisoft/yii2/base/Controller.php:381
[23-Aug-2017 10:08:26 UTC] PHP  11. yii\base\View->renderFile() /home/ubuntu/workspace/another.dev/app/vendor/yiisoft/yii2/base/View.php:152
[23-Aug-2017 10:08:26 UTC] PHP  12. yii\base\View->renderPhpFile() /home/ubuntu/workspace/another.dev/app/vendor/yiisoft/yii2/base/View.php:250
[23-Aug-2017 10:08:26 UTC] PHP  13. require() /home/ubuntu/workspace/another.dev/app/vendor/yiisoft/yii2/base/View.php:330
[23-Aug-2017 10:08:26 UTC] PHP  14. yii\base\View->render() /home/ubuntu/workspace/another.dev/app/front/views/photo-library/create.php:19
[23-Aug-2017 10:08:26 UTC] PHP  15. yii\base\View->renderFile() /home/ubuntu/workspace/another.dev/app/vendor/yiisoft/yii2/base/View.php:152
[23-Aug-2017 10:08:26 UTC] PHP  16. yii\base\View->renderPhpFile() /home/ubuntu/workspace/another.dev/app/vendor/yiisoft/yii2/base/View.php:250
[23-Aug-2017 10:08:26 UTC] PHP  17. require() /home/ubuntu/workspace/another.dev/app/vendor/yiisoft/yii2/base/View.php:330
[23-Aug-2017 10:08:40 UTC] PHP Fatal error:  Class 'province' not found in /home/ubuntu/workspace/another.dev/app/front/views/photo-library/_form.php on line 57
[23-Aug-2017 10:08:40 UTC] PHP Stack trace:
[23-Aug-2017 10:08:40 UTC] PHP   1. {main}() /home/ubuntu/workspace/another.dev/public/index.php:0
[23-Aug-2017 10:08:40 UTC] PHP   2. yii\base\Application->run() /home/ubuntu/workspace/another.dev/public/index.php:15
[23-Aug-2017 10:08:40 UTC] PHP   3. yii\web\Application->handleRequest() /home/ubuntu/workspace/another.dev/app/vendor/yiisoft/yii2/base/Application.php:380
[23-Aug-2017 10:08:40 UTC] PHP   4. yii\base\Module->runAction() /home/ubuntu/workspace/another.dev/app/vendor/yiisoft/yii2/web/Application.php:102
[23-Aug-2017 10:08:40 UTC] PHP   5. yii\base\Controller->runAction() /home/ubuntu/workspace/another.dev/app/vendor/yiisoft/yii2/base/Module.php:523
[23-Aug-2017 10:08:40 UTC] PHP   6. yii\base\InlineAction->runWithParams() /home/ubuntu/workspace/another.dev/app/vendor/yiisoft/yii2/base/Controller.php:156
[23-Aug-2017 10:08:40 UTC] PHP   7. call_user_func_array:{/home/ubuntu/workspace/another.dev/app/vendor/yiisoft/yii2/base/InlineAction.php:57}() /home/ubuntu/workspace/another.dev/app/vendor/yiisoft/yii2/base/InlineAction.php:57
[23-Aug-2017 10:08:40 UTC] PHP   8. front\controllers\PhotoLibraryController->actionCreate() /home/ubuntu/workspace/another.dev/app/vendor/yiisoft/yii2/base/InlineAction.php:57
[23-Aug-2017 10:08:40 UTC] PHP   9. yii\base\Controller->render() /home/ubuntu/workspace/another.dev/app/front/controllers/PhotoLibraryController.php:73
[23-Aug-2017 10:08:40 UTC] PHP  10. yii\base\View->render() /home/ubuntu/workspace/another.dev/app/vendor/yiisoft/yii2/base/Controller.php:381
[23-Aug-2017 10:08:40 UTC] PHP  11. yii\base\View->renderFile() /home/ubuntu/workspace/another.dev/app/vendor/yiisoft/yii2/base/View.php:152
[23-Aug-2017 10:08:40 UTC] PHP  12. yii\base\View->renderPhpFile() /home/ubuntu/workspace/another.dev/app/vendor/yiisoft/yii2/base/View.php:250
[23-Aug-2017 10:08:40 UTC] PHP  13. require() /home/ubuntu/workspace/another.dev/app/vendor/yiisoft/yii2/base/View.php:330
[23-Aug-2017 10:08:40 UTC] PHP  14. yii\base\View->render() /home/ubuntu/workspace/another.dev/app/front/views/photo-library/create.php:19
[23-Aug-2017 10:08:40 UTC] PHP  15. yii\base\View->renderFile() /home/ubuntu/workspace/another.dev/app/vendor/yiisoft/yii2/base/View.php:152
[23-Aug-2017 10:08:40 UTC] PHP  16. yii\base\View->renderPhpFile() /home/ubuntu/workspace/another.dev/app/vendor/yiisoft/yii2/base/View.php:250
[23-Aug-2017 10:08:40 UTC] PHP  17. require() /home/ubuntu/workspace/another.dev/app/vendor/yiisoft/yii2/base/View.php:330
[23-Aug-2017 10:10:02 UTC] PHP Fatal error:  Class 'province' not found in /home/ubuntu/workspace/another.dev/app/front/views/photo-library/_form.php on line 57
[23-Aug-2017 10:10:02 UTC] PHP Stack trace:
[23-Aug-2017 10:10:02 UTC] PHP   1. {main}() /home/ubuntu/workspace/another.dev/public/index.php:0
[23-Aug-2017 10:10:02 UTC] PHP   2. yii\base\Application->run() /home/ubuntu/workspace/another.dev/public/index.php:15
[23-Aug-2017 10:10:02 UTC] PHP   3. yii\web\Application->handleRequest() /home/ubuntu/workspace/another.dev/app/vendor/yiisoft/yii2/base/Application.php:380
[23-Aug-2017 10:10:02 UTC] PHP   4. yii\base\Module->runAction() /home/ubuntu/workspace/another.dev/app/vendor/yiisoft/yii2/web/Application.php:102
[23-Aug-2017 10:10:02 UTC] PHP   5. yii\base\Controller->runAction() /home/ubuntu/workspace/another.dev/app/vendor/yiisoft/yii2/base/Module.php:523
[23-Aug-2017 10:10:02 UTC] PHP   6. yii\base\InlineAction->runWithParams() /home/ubuntu/workspace/another.dev/app/vendor/yiisoft/yii2/base/Controller.php:156
[23-Aug-2017 10:10:02 UTC] PHP   7. call_user_func_array:{/home/ubuntu/workspace/another.dev/app/vendor/yiisoft/yii2/base/InlineAction.php:57}() /home/ubuntu/workspace/another.dev/app/vendor/yiisoft/yii2/base/InlineAction.php:57
[23-Aug-2017 10:10:02 UTC] PHP   8. front\controllers\PhotoLibraryController->actionCreate() /home/ubuntu/workspace/another.dev/app/vendor/yiisoft/yii2/base/InlineAction.php:57
[23-Aug-2017 10:10:02 UTC] PHP   9. yii\base\Controller->render() /home/ubuntu/workspace/another.dev/app/front/controllers/PhotoLibraryController.php:73
[23-Aug-2017 10:10:02 UTC] PHP  10. yii\base\View->render() /home/ubuntu/workspace/another.dev/app/vendor/yiisoft/yii2/base/Controller.php:381
[23-Aug-2017 10:10:02 UTC] PHP  11. yii\base\View->renderFile() /home/ubuntu/workspace/another.dev/app/vendor/yiisoft/yii2/base/View.php:152
[23-Aug-2017 10:10:02 UTC] PHP  12. yii\base\View->renderPhpFile() /home/ubuntu/workspace/another.dev/app/vendor/yiisoft/yii2/base/View.php:250
[23-Aug-2017 10:10:02 UTC] PHP  13. require() /home/ubuntu/workspace/another.dev/app/vendor/yiisoft/yii2/base/View.php:330
[23-Aug-2017 10:10:02 UTC] PHP  14. yii\base\View->render() /home/ubuntu/workspace/another.dev/app/front/views/photo-library/create.php:19
[23-Aug-2017 10:10:02 UTC] PHP  15. yii\base\View->renderFile() /home/ubuntu/workspace/another.dev/app/vendor/yiisoft/yii2/base/View.php:152
[23-Aug-2017 10:10:02 UTC] PHP  16. yii\base\View->renderPhpFile() /home/ubuntu/workspace/another.dev/app/vendor/yiisoft/yii2/base/View.php:250
[23-Aug-2017 10:10:02 UTC] PHP  17. require() /home/ubuntu/workspace/another.dev/app/vendor/yiisoft/yii2/base/View.php:330
[23-Aug-2017 10:13:52 UTC] PHP Fatal error:  Class 'FileInput' not found in /home/ubuntu/workspace/another.dev/app/front/views/photo-library/_form.php on line 75
[23-Aug-2017 10:13:52 UTC] PHP Stack trace:
[23-Aug-2017 10:13:52 UTC] PHP   1. {main}() /home/ubuntu/workspace/another.dev/public/index.php:0
[23-Aug-2017 10:13:52 UTC] PHP   2. yii\base\Application->run() /home/ubuntu/workspace/another.dev/public/index.php:15
[23-Aug-2017 10:13:52 UTC] PHP   3. yii\web\Application->handleRequest() /home/ubuntu/workspace/another.dev/app/vendor/yiisoft/yii2/base/Application.php:380
[23-Aug-2017 10:13:52 UTC] PHP   4. yii\base\Module->runAction() /home/ubuntu/workspace/another.dev/app/vendor/yiisoft/yii2/web/Application.php:102
[23-Aug-2017 10:13:52 UTC] PHP   5. yii\base\Controller->runAction() /home/ubuntu/workspace/another.dev/app/vendor/yiisoft/yii2/base/Module.php:523
[23-Aug-2017 10:13:52 UTC] PHP   6. yii\base\InlineAction->runWithParams() /home/ubuntu/workspace/another.dev/app/vendor/yiisoft/yii2/base/Controller.php:156
[23-Aug-2017 10:13:52 UTC] PHP   7. call_user_func_array:{/home/ubuntu/workspace/another.dev/app/vendor/yiisoft/yii2/base/InlineAction.php:57}() /home/ubuntu/workspace/another.dev/app/vendor/yiisoft/yii2/base/InlineAction.php:57
[23-Aug-2017 10:13:52 UTC] PHP   8. front\controllers\PhotoLibraryController->actionCreate() /home/ubuntu/workspace/another.dev/app/vendor/yiisoft/yii2/base/InlineAction.php:57
[23-Aug-2017 10:13:52 UTC] PHP   9. yii\base\Controller->render() /home/ubuntu/workspace/another.dev/app/front/controllers/PhotoLibraryController.php:73
[23-Aug-2017 10:13:52 UTC] PHP  10. yii\base\View->render() /home/ubuntu/workspace/another.dev/app/vendor/yiisoft/yii2/base/Controller.php:381
[23-Aug-2017 10:13:52 UTC] PHP  11. yii\base\View->renderFile() /home/ubuntu/workspace/another.dev/app/vendor/yiisoft/yii2/base/View.php:152
[23-Aug-2017 10:13:52 UTC] PHP  12. yii\base\View->renderPhpFile() /home/ubuntu/workspace/another.dev/app/vendor/yiisoft/yii2/base/View.php:250
[23-Aug-2017 10:13:52 UTC] PHP  13. require() /home/ubuntu/workspace/another.dev/app/vendor/yiisoft/yii2/base/View.php:330
[23-Aug-2017 10:13:52 UTC] PHP  14. yii\base\View->render() /home/ubuntu/workspace/another.dev/app/front/views/photo-library/create.php:19
[23-Aug-2017 10:13:52 UTC] PHP  15. yii\base\View->renderFile() /home/ubuntu/workspace/another.dev/app/vendor/yiisoft/yii2/base/View.php:152
[23-Aug-2017 10:13:52 UTC] PHP  16. yii\base\View->renderPhpFile() /home/ubuntu/workspace/another.dev/app/vendor/yiisoft/yii2/base/View.php:250
[23-Aug-2017 10:13:52 UTC] PHP  17. require() /home/ubuntu/workspace/another.dev/app/vendor/yiisoft/yii2/base/View.php:330
[23-Aug-2017 10:14:10 UTC] PHP Fatal error:  Class 'Url' not found in /home/ubuntu/workspace/another.dev/app/front/views/photo-library/_form.php on line 84
[23-Aug-2017 10:14:10 UTC] PHP Stack trace:
[23-Aug-2017 10:14:10 UTC] PHP   1. {main}() /home/ubuntu/workspace/another.dev/public/index.php:0
[23-Aug-2017 10:14:10 UTC] PHP   2. yii\base\Application->run() /home/ubuntu/workspace/another.dev/public/index.php:15
[23-Aug-2017 10:14:10 UTC] PHP   3. yii\web\Application->handleRequest() /home/ubuntu/workspace/another.dev/app/vendor/yiisoft/yii2/base/Application.php:380
[23-Aug-2017 10:14:10 UTC] PHP   4. yii\base\Module->runAction() /home/ubuntu/workspace/another.dev/app/vendor/yiisoft/yii2/web/Application.php:102
[23-Aug-2017 10:14:10 UTC] PHP   5. yii\base\Controller->runAction() /home/ubuntu/workspace/another.dev/app/vendor/yiisoft/yii2/base/Module.php:523
[23-Aug-2017 10:14:10 UTC] PHP   6. yii\base\InlineAction->runWithParams() /home/ubuntu/workspace/another.dev/app/vendor/yiisoft/yii2/base/Controller.php:156
[23-Aug-2017 10:14:10 UTC] PHP   7. call_user_func_array:{/home/ubuntu/workspace/another.dev/app/vendor/yiisoft/yii2/base/InlineAction.php:57}() /home/ubuntu/workspace/another.dev/app/vendor/yiisoft/yii2/base/InlineAction.php:57
[23-Aug-2017 10:14:10 UTC] PHP   8. front\controllers\PhotoLibraryController->actionCreate() /home/ubuntu/workspace/another.dev/app/vendor/yiisoft/yii2/base/InlineAction.php:57
[23-Aug-2017 10:14:10 UTC] PHP   9. yii\base\Controller->render() /home/ubuntu/workspace/another.dev/app/front/controllers/PhotoLibraryController.php:73
[23-Aug-2017 10:14:10 UTC] PHP  10. yii\base\View->render() /home/ubuntu/workspace/another.dev/app/vendor/yiisoft/yii2/base/Controller.php:381
[23-Aug-2017 10:14:10 UTC] PHP  11. yii\base\View->renderFile() /home/ubuntu/workspace/another.dev/app/vendor/yiisoft/yii2/base/View.php:152
[23-Aug-2017 10:14:10 UTC] PHP  12. yii\base\View->renderPhpFile() /home/ubuntu/workspace/another.dev/app/vendor/yiisoft/yii2/base/View.php:250
[23-Aug-2017 10:14:10 UTC] PHP  13. require() /home/ubuntu/workspace/another.dev/app/vendor/yiisoft/yii2/base/View.php:330
[23-Aug-2017 10:14:10 UTC] PHP  14. yii\base\View->render() /home/ubuntu/workspace/another.dev/app/front/views/photo-library/create.php:19
[23-Aug-2017 10:14:10 UTC] PHP  15. yii\base\View->renderFile() /home/ubuntu/workspace/another.dev/app/vendor/yiisoft/yii2/base/View.php:152
[23-Aug-2017 10:14:10 UTC] PHP  16. yii\base\View->renderPhpFile() /home/ubuntu/workspace/another.dev/app/vendor/yiisoft/yii2/base/View.php:250
[23-Aug-2017 10:14:10 UTC] PHP  17. require() /home/ubuntu/workspace/another.dev/app/vendor/yiisoft/yii2/base/View.php:330
[23-Aug-2017 10:18:54 UTC] An Error occurred while handling another error:
exception 'ReflectionException' with message 'Method front\models\PhotoLibrary::getThumbnails() does not exist' in /home/ubuntu/workspace/another.dev/app/vendor/yiisoft/yii2/web/ErrorHandler.php:195
Stack trace:
#0 /home/ubuntu/workspace/another.dev/app/vendor/yiisoft/yii2/web/ErrorHandler.php(195): ReflectionMethod->__construct('front\models\Ph...', 'getThumbnails')
#1 /home/ubuntu/workspace/another.dev/app/vendor/yiisoft/yii2/views/errorHandler/callStackItem.php(26): yii\web\ErrorHandler->addTypeLinks('front\models\Ph...')
#2 /home/ubuntu/workspace/another.dev/app/vendor/yiisoft/yii2/base/View.php(330): require('/home/ubuntu/wo...')
#3 /home/ubuntu/workspace/another.dev/app/vendor/yiisoft/yii2/base/View.php(250): yii\base\View->renderPhpFile('/home/ubuntu/wo...', Array)
#4 /home/ubuntu/workspace/another.dev/app/vendor/yiisoft/yii2/web/ErrorHandler.php(249): yii\base\View->renderFile('@yii/views/erro...', Array, Object(yii\web\ErrorHandler))
#5 /home/ubuntu/workspace/another.dev/app/vendor/yiisoft/yii2/web/ErrorHandler.php(304): yii\web\ErrorHandler->renderFile('@yii/views/erro...', Array)
#6 /home/ubuntu/workspace/another.dev/app/vendor/yiisoft/yii2/web/ErrorHandler.php(326): yii\web\ErrorHandler->renderCallStackItem('/home/ubuntu/wo...', 42, 'front\models\Ph...', 'getThumbnails', Array, 3)
#7 /home/ubuntu/workspace/another.dev/app/vendor/yiisoft/yii2/views/errorHandler/exception.php(381): yii\web\ErrorHandler->renderCallStack(Object(yii\base\UnknownMethodException))
#8 /home/ubuntu/workspace/another.dev/app/vendor/yiisoft/yii2/base/View.php(330): require('/home/ubuntu/wo...')
#9 /home/ubuntu/workspace/another.dev/app/vendor/yiisoft/yii2/base/View.php(250): yii\base\View->renderPhpFile('/home/ubuntu/wo...', Array)
#10 /home/ubuntu/workspace/another.dev/app/vendor/yiisoft/yii2/web/ErrorHandler.php(249): yii\base\View->renderFile('@yii/views/erro...', Array, Object(yii\web\ErrorHandler))
#11 /home/ubuntu/workspace/another.dev/app/vendor/yiisoft/yii2/web/ErrorHandler.php(116): yii\web\ErrorHandler->renderFile('@yii/views/erro...', Array)
#12 /home/ubuntu/workspace/another.dev/app/vendor/yiisoft/yii2/base/ErrorHandler.php(111): yii\web\ErrorHandler->renderException(Object(yii\base\UnknownMethodException))
#13 [internal function]: yii\base\ErrorHandler->handleException(Object(yii\base\UnknownMethodException))
#14 {main}
Previous exception:
exception 'yii\base\UnknownMethodException' with message 'Calling unknown method: front\models\PhotoLibrary::getThumbnails()' in /home/ubuntu/workspace/another.dev/app/vendor/yiisoft/yii2/base/Component.php:290
Stack trace:
#0 /home/ubuntu/workspace/another.dev/app/front/views/photo-library/view.php(42): yii\base\Component->__call('getThumbnails', Array)
#1 /home/ubuntu/workspace/another.dev/app/front/views/photo-library/view.php(42): front\models\PhotoLibrary->getThumbnails('', 'prove')
#2 /home/ubuntu/workspace/another.dev/app/vendor/yiisoft/yii2/base/View.php(330): require('/home/ubuntu/wo...')
#3 /home/ubuntu/workspace/another.dev/app/vendor/yiisoft/yii2/base/View.php(250): yii\base\View->renderPhpFile('/home/ubuntu/wo...', Array)
#4 /home/ubuntu/workspace/another.dev/app/vendor/yiisoft/yii2/base/View.php(152): yii\base\View->renderFile('/home/ubuntu/wo...', Array, Object(front\controllers\PhotoLibraryController))
#5 /home/ubuntu/workspace/another.dev/app/vendor/yiisoft/yii2/base/Controller.php(381): yii\base\View->render('view', Array, Object(front\controllers\PhotoLibraryController))
#6 /home/ubuntu/workspace/another.dev/app/front/controllers/PhotoLibraryController.php(56): yii\base\Controller->render('view', Array)
#7 [internal function]: front\controllers\PhotoLibraryController->actionView('1')
#8 /home/ubuntu/workspace/another.dev/app/vendor/yiisoft/yii2/base/InlineAction.php(57): call_user_func_array(Array, Array)
#9 /home/ubuntu/workspace/another.dev/app/vendor/yiisoft/yii2/base/Controller.php(156): yii\base\InlineAction->runWithParams(Array)
#10 /home/ubuntu/workspace/another.dev/app/vendor/yiisoft/yii2/base/Module.php(523): yii\base\Controller->runAction('view', Array)
#11 /home/ubuntu/workspace/another.dev/app/vendor/yiisoft/yii2/web/Application.php(102): yii\base\Module->runAction('photo-library/v...', Array)
#12 /home/ubuntu/workspace/another.dev/app/vendor/yiisoft/yii2/base/Application.php(380): yii\web\Application->handleRequest(Object(yii\web\Request))
#13 /home/ubuntu/workspace/another.dev/public/index.php(15): yii\base\Application->run()
#14 {main}
$_SERVER = [
    'REDIRECT_STATUS' => '200',
    'HTTP_HOST' => 'delagics-hdushku.c9users.io',
    'HTTP_CACHE_CONTROL' => 'max-age=0',
    'HTTP_UPGRADE_INSECURE_REQUESTS' => '1',
    'HTTP_USER_AGENT' => 'Mozilla/5.0 (Windows NT 6.1) AppleWebKit/537.36 (KHTML, like Gecko) Chrome/60.0.3112.101 Safari/537.36',
    'HTTP_ACCEPT' => 'text/html,application/xhtml+xml,application/xml;q=0.9,image/webp,image/apng,*/*;q=0.8',
    'HTTP_REFERER' => 'https://delagics-hdushku.c9users.io/en/photo-library/index',
    'HTTP_ACCEPT_ENCODING' => 'gzip, deflate, br',
    'HTTP_ACCEPT_LANGUAGE' => 'en-US,en;q=0.8,ar;q=0.6,de;q=0.4,sq;q=0.2',
    'HTTP_COOKIE' => 'XDEBUG_SESSION=cloud9ide; _csrf=953ec5ebc3126a1629df87b44529ad5ed757f5c73e36d554ac9ca38ed211f910a%3A2%3A%7Bi%3A0%3Bs%3A5%3A%22_csrf%22%3Bi%3A1%3Bs%3A32%3A%22s7T%2A%EC%C9%DC%9D%7F%A7%DD%E2%AA%C1%27%9A%26%FE%A4%C0%27%89%D6x%D0%D8%1C%D0%E4%B2%7D%9D%22%3B%7D; PHPSESSID=32lubteks72i69bobfjgfdffi3; _language=fb6199243729a19bbeab01486512babbc335842ed4e181d50069632fd3abba3aa%3A2%3A%7Bi%3A0%3Bs%3A9%3A%22_language%22%3Bi%3A1%3Bs%3A2%3A%22en%22%3B%7D',
    'HTTP_X_FORWARDED_PROTO' => 'https',
    'HTTP_X_FORWARDED_PORT' => '443',
    'HTTP_X_REGION' => 'eu',
    'HTTP_X_FORWARDED_FOR' => '79.106.7.155',
    'HTTP_CONNECTION' => 'keep-alive',
    'PATH' => '/mnt/shared/bin:/workspace/node_modules/.bin:/bin:/usr/local/sbin:/usr/local/bin:/usr/sbin:/usr/bin:/sbin:/bin:/mnt/shared/sbin:/opt/gitl:/opt/go/bin:/mnt/shared/c9/app.nw/bin',
    'SERVER_SIGNATURE' => '<address>Apache/2.4.7 (Ubuntu) Server at delagics-hdushku.c9users.io Port 443</address>
',
    'SERVER_SOFTWARE' => 'Apache/2.4.7 (Ubuntu)',
    'SERVER_NAME' => 'delagics-hdushku.c9users.io',
    'SERVER_ADDR' => '172.17.0.185',
    'SERVER_PORT' => '443',
    'REMOTE_ADDR' => '10.240.1.31',
    'DOCUMENT_ROOT' => '/home/ubuntu/workspace/another.dev/public',
    'REQUEST_SCHEME' => 'https',
    'CONTEXT_PREFIX' => '',
    'CONTEXT_DOCUMENT_ROOT' => '/home/ubuntu/workspace/another.dev/public',
    'SERVER_ADMIN' => '[no address given]',
    'SCRIPT_FILENAME' => '/home/ubuntu/workspace/another.dev/public/index.php',
    'REMOTE_PORT' => '36940',
    'REDIRECT_QUERY_STRING' => 'id=1',
    'REDIRECT_URL' => '/en/photo-library/view',
    'GATEWAY_INTERFACE' => 'CGI/1.1',
    'SERVER_PROTOCOL' => 'HTTP/1.1',
    'REQUEST_METHOD' => 'GET',
    'QUERY_STRING' => 'id=1',
    'REQUEST_URI' => '/en/photo-library/view?id=1',
    'SCRIPT_NAME' => '/index.php',
    'PHP_SELF' => '/index.php',
    'REQUEST_TIME_FLOAT' => 1503483534.479000091552734375,
    'REQUEST_TIME' => 1503483534,
    'YII_ENV' => 'dev',
    'YII_DEBUG' => 'true',
    'YII_ENABLE_ERROR_HANDLER' => 'true',
    'DB_CLASS' => 'yii\\db\\Connection',
    'DB_HOST' => 'localhost',
    'DB_PORT' => '3306',
    'DB_NAME' => 'c9',
    'DB_USERNAME' => 'hdushku',
    'DB_PASSWORD' => '',
    'DB_TABLE_PREFIX' => '',
    'DB_CHARSET' => 'utf8',
    'DB_DSN' => 'mysql:host=localhost;port=3306;dbname=c9',
    'DB_SCHEMA_CACHE' => 'false',
    'DB_SCHEMA_CACHE_DURATION' => '3600',
    'DB_QUERY_CACHE' => 'true',
    'DB_QUERY_CACHE_DURATION' => '3600',
    'APP_MIGRATION_LOOKUP' => '@console/migrations,@vendor/dektrium/yii2-user/migrations,@yii/rbac/migrations',
    'APP_ADMINS' => 'admin',
    'APP_ADMIN_EMAIL' => 'admin@example.com',
    'FRONT_APP_NAME' => 'Awesome application',
    'FRONT_APP_LANGUAGES' => 'uk,ru,en,ar,de',
    'FRONT_COOKIE_KEY' => 'jBVGHhUsDcv17m20dmfbkWxtLGJGm8Ur',
    'BACK_APP_NAME' => 'Awesome application',
    'BACK_APP_LANGUAGES' => 'uk,ru,en,ar,de',
    'BACK_COOKIE_KEY' => 'irDeKBJRh0q4zdyXlBTJPyLLqQDMH0fh',
]
[23-Aug-2017 10:19:44 UTC] PHP Fatal error:  Class 'front\models\Uploads' not found in /home/ubuntu/workspace/another.dev/app/front/models/PhotoLibrary.php on line 74
[23-Aug-2017 10:19:44 UTC] PHP Stack trace:
[23-Aug-2017 10:19:44 UTC] PHP   1. {main}() /home/ubuntu/workspace/another.dev/public/index.php:0
[23-Aug-2017 10:19:44 UTC] PHP   2. yii\base\Application->run() /home/ubuntu/workspace/another.dev/public/index.php:15
[23-Aug-2017 10:19:44 UTC] PHP   3. yii\web\Application->handleRequest() /home/ubuntu/workspace/another.dev/app/vendor/yiisoft/yii2/base/Application.php:380
[23-Aug-2017 10:19:44 UTC] PHP   4. yii\base\Module->runAction() /home/ubuntu/workspace/another.dev/app/vendor/yiisoft/yii2/web/Application.php:102
[23-Aug-2017 10:19:44 UTC] PHP   5. yii\base\Controller->runAction() /home/ubuntu/workspace/another.dev/app/vendor/yiisoft/yii2/base/Module.php:523
[23-Aug-2017 10:19:44 UTC] PHP   6. yii\base\InlineAction->runWithParams() /home/ubuntu/workspace/another.dev/app/vendor/yiisoft/yii2/base/Controller.php:156
[23-Aug-2017 10:19:44 UTC] PHP   7. call_user_func_array:{/home/ubuntu/workspace/another.dev/app/vendor/yiisoft/yii2/base/InlineAction.php:57}() /home/ubuntu/workspace/another.dev/app/vendor/yiisoft/yii2/base/InlineAction.php:57
[23-Aug-2017 10:19:44 UTC] PHP   8. front\controllers\PhotoLibraryController->actionView() /home/ubuntu/workspace/another.dev/app/vendor/yiisoft/yii2/base/InlineAction.php:57
[23-Aug-2017 10:19:44 UTC] PHP   9. yii\base\Controller->render() /home/ubuntu/workspace/another.dev/app/front/controllers/PhotoLibraryController.php:56
[23-Aug-2017 10:19:44 UTC] PHP  10. yii\base\View->render() /home/ubuntu/workspace/another.dev/app/vendor/yiisoft/yii2/base/Controller.php:381
[23-Aug-2017 10:19:44 UTC] PHP  11. yii\base\View->renderFile() /home/ubuntu/workspace/another.dev/app/vendor/yiisoft/yii2/base/View.php:152
[23-Aug-2017 10:19:44 UTC] PHP  12. yii\base\View->renderPhpFile() /home/ubuntu/workspace/another.dev/app/vendor/yiisoft/yii2/base/View.php:250
[23-Aug-2017 10:19:44 UTC] PHP  13. require() /home/ubuntu/workspace/another.dev/app/vendor/yiisoft/yii2/base/View.php:330
[23-Aug-2017 10:19:44 UTC] PHP  14. front\models\PhotoLibrary->getThumbnails() /home/ubuntu/workspace/another.dev/app/front/views/photo-library/view.php:42
[23-Aug-2017 10:29:44 UTC] An Error occurred while handling another error:
exception 'ReflectionException' with message 'Method front\controllers\PhotoLibraryController::getInitialPreview() does not exist' in /home/ubuntu/workspace/another.dev/app/vendor/yiisoft/yii2/web/ErrorHandler.php:195
Stack trace:
#0 /home/ubuntu/workspace/another.dev/app/vendor/yiisoft/yii2/web/ErrorHandler.php(195): ReflectionMethod->__construct('front\controlle...', 'getInitialPrevi...')
#1 /home/ubuntu/workspace/another.dev/app/vendor/yiisoft/yii2/views/errorHandler/callStackItem.php(26): yii\web\ErrorHandler->addTypeLinks('front\controlle...')
#2 /home/ubuntu/workspace/another.dev/app/vendor/yiisoft/yii2/base/View.php(330): require('/home/ubuntu/wo...')
#3 /home/ubuntu/workspace/another.dev/app/vendor/yiisoft/yii2/base/View.php(250): yii\base\View->renderPhpFile('/home/ubuntu/wo...', Array)
#4 /home/ubuntu/workspace/another.dev/app/vendor/yiisoft/yii2/web/ErrorHandler.php(249): yii\base\View->renderFile('@yii/views/erro...', Array, Object(yii\web\ErrorHandler))
#5 /home/ubuntu/workspace/another.dev/app/vendor/yiisoft/yii2/web/ErrorHandler.php(304): yii\web\ErrorHandler->renderFile('@yii/views/erro...', Array)
#6 /home/ubuntu/workspace/another.dev/app/vendor/yiisoft/yii2/web/ErrorHandler.php(326): yii\web\ErrorHandler->renderCallStackItem('/home/ubuntu/wo...', 89, 'front\controlle...', 'getInitialPrevi...', Array, 3)
#7 /home/ubuntu/workspace/another.dev/app/vendor/yiisoft/yii2/views/errorHandler/exception.php(381): yii\web\ErrorHandler->renderCallStack(Object(yii\base\UnknownMethodException))
#8 /home/ubuntu/workspace/another.dev/app/vendor/yiisoft/yii2/base/View.php(330): require('/home/ubuntu/wo...')
#9 /home/ubuntu/workspace/another.dev/app/vendor/yiisoft/yii2/base/View.php(250): yii\base\View->renderPhpFile('/home/ubuntu/wo...', Array)
#10 /home/ubuntu/workspace/another.dev/app/vendor/yiisoft/yii2/web/ErrorHandler.php(249): yii\base\View->renderFile('@yii/views/erro...', Array, Object(yii\web\ErrorHandler))
#11 /home/ubuntu/workspace/another.dev/app/vendor/yiisoft/yii2/web/ErrorHandler.php(116): yii\web\ErrorHandler->renderFile('@yii/views/erro...', Array)
#12 /home/ubuntu/workspace/another.dev/app/vendor/yiisoft/yii2/base/ErrorHandler.php(111): yii\web\ErrorHandler->renderException(Object(yii\base\UnknownMethodException))
#13 [internal function]: yii\base\ErrorHandler->handleException(Object(yii\base\UnknownMethodException))
#14 {main}
Previous exception:
exception 'yii\base\UnknownMethodException' with message 'Calling unknown method: front\controllers\PhotoLibraryController::getInitialPreview()' in /home/ubuntu/workspace/another.dev/app/vendor/yiisoft/yii2/base/Component.php:290
Stack trace:
#0 /home/ubuntu/workspace/another.dev/app/front/controllers/PhotoLibraryController.php(89): yii\base\Component->__call('getInitialPrevi...', Array)
#1 /home/ubuntu/workspace/another.dev/app/front/controllers/PhotoLibraryController.php(89): front\controllers\PhotoLibraryController->getInitialPreview('')
#2 [internal function]: front\controllers\PhotoLibraryController->actionUpdate('1')
#3 /home/ubuntu/workspace/another.dev/app/vendor/yiisoft/yii2/base/InlineAction.php(57): call_user_func_array(Array, Array)
#4 /home/ubuntu/workspace/another.dev/app/vendor/yiisoft/yii2/base/Controller.php(156): yii\base\InlineAction->runWithParams(Array)
#5 /home/ubuntu/workspace/another.dev/app/vendor/yiisoft/yii2/base/Module.php(523): yii\base\Controller->runAction('update', Array)
#6 /home/ubuntu/workspace/another.dev/app/vendor/yiisoft/yii2/web/Application.php(102): yii\base\Module->runAction('photo-library/u...', Array)
#7 /home/ubuntu/workspace/another.dev/app/vendor/yiisoft/yii2/base/Application.php(380): yii\web\Application->handleRequest(Object(yii\web\Request))
#8 /home/ubuntu/workspace/another.dev/public/index.php(15): yii\base\Application->run()
#9 {main}
$_SERVER = [
    'REDIRECT_STATUS' => '200',
    'HTTP_HOST' => 'delagics-hdushku.c9users.io',
    'HTTP_UPGRADE_INSECURE_REQUESTS' => '1',
    'HTTP_USER_AGENT' => 'Mozilla/5.0 (Windows NT 6.1) AppleWebKit/537.36 (KHTML, like Gecko) Chrome/60.0.3112.101 Safari/537.36',
    'HTTP_ACCEPT' => 'text/html,application/xhtml+xml,application/xml;q=0.9,image/webp,image/apng,*/*;q=0.8',
    'HTTP_REFERER' => 'https://delagics-hdushku.c9users.io/en/photo-library/view?id=1',
    'HTTP_ACCEPT_ENCODING' => 'gzip, deflate, br',
    'HTTP_ACCEPT_LANGUAGE' => 'en-US,en;q=0.8,ar;q=0.6,de;q=0.4,sq;q=0.2',
    'HTTP_COOKIE' => 'XDEBUG_SESSION=cloud9ide; _csrf=953ec5ebc3126a1629df87b44529ad5ed757f5c73e36d554ac9ca38ed211f910a%3A2%3A%7Bi%3A0%3Bs%3A5%3A%22_csrf%22%3Bi%3A1%3Bs%3A32%3A%22s7T%2A%EC%C9%DC%9D%7F%A7%DD%E2%AA%C1%27%9A%26%FE%A4%C0%27%89%D6x%D0%D8%1C%D0%E4%B2%7D%9D%22%3B%7D; PHPSESSID=32lubteks72i69bobfjgfdffi3; _language=fb6199243729a19bbeab01486512babbc335842ed4e181d50069632fd3abba3aa%3A2%3A%7Bi%3A0%3Bs%3A9%3A%22_language%22%3Bi%3A1%3Bs%3A2%3A%22en%22%3B%7D',
    'HTTP_X_FORWARDED_PROTO' => 'https',
    'HTTP_X_FORWARDED_PORT' => '443',
    'HTTP_X_REGION' => 'eu',
    'HTTP_X_FORWARDED_FOR' => '79.106.7.155',
    'HTTP_CONNECTION' => 'keep-alive',
    'PATH' => '/mnt/shared/bin:/workspace/node_modules/.bin:/bin:/usr/local/sbin:/usr/local/bin:/usr/sbin:/usr/bin:/sbin:/bin:/mnt/shared/sbin:/opt/gitl:/opt/go/bin:/mnt/shared/c9/app.nw/bin',
    'SERVER_SIGNATURE' => '<address>Apache/2.4.7 (Ubuntu) Server at delagics-hdushku.c9users.io Port 443</address>
',
    'SERVER_SOFTWARE' => 'Apache/2.4.7 (Ubuntu)',
    'SERVER_NAME' => 'delagics-hdushku.c9users.io',
    'SERVER_ADDR' => '172.17.0.185',
    'SERVER_PORT' => '443',
    'REMOTE_ADDR' => '10.240.1.31',
    'DOCUMENT_ROOT' => '/home/ubuntu/workspace/another.dev/public',
    'REQUEST_SCHEME' => 'https',
    'CONTEXT_PREFIX' => '',
    'CONTEXT_DOCUMENT_ROOT' => '/home/ubuntu/workspace/another.dev/public',
    'SERVER_ADMIN' => '[no address given]',
    'SCRIPT_FILENAME' => '/home/ubuntu/workspace/another.dev/public/index.php',
    'REMOTE_PORT' => '50706',
    'REDIRECT_QUERY_STRING' => 'id=1',
    'REDIRECT_URL' => '/en/photo-library/update',
    'GATEWAY_INTERFACE' => 'CGI/1.1',
    'SERVER_PROTOCOL' => 'HTTP/1.1',
    'REQUEST_METHOD' => 'GET',
    'QUERY_STRING' => 'id=1',
    'REQUEST_URI' => '/en/photo-library/update?id=1',
    'SCRIPT_NAME' => '/index.php',
    'PHP_SELF' => '/index.php',
    'REQUEST_TIME_FLOAT' => 1503484184.065000057220458984375,
    'REQUEST_TIME' => 1503484184,
    'YII_ENV' => 'dev',
    'YII_DEBUG' => 'true',
    'YII_ENABLE_ERROR_HANDLER' => 'true',
    'DB_CLASS' => 'yii\\db\\Connection',
    'DB_HOST' => 'localhost',
    'DB_PORT' => '3306',
    'DB_NAME' => 'c9',
    'DB_USERNAME' => 'hdushku',
    'DB_PASSWORD' => '',
    'DB_TABLE_PREFIX' => '',
    'DB_CHARSET' => 'utf8',
    'DB_DSN' => 'mysql:host=localhost;port=3306;dbname=c9',
    'DB_SCHEMA_CACHE' => 'false',
    'DB_SCHEMA_CACHE_DURATION' => '3600',
    'DB_QUERY_CACHE' => 'true',
    'DB_QUERY_CACHE_DURATION' => '3600',
    'APP_MIGRATION_LOOKUP' => '@console/migrations,@vendor/dektrium/yii2-user/migrations,@yii/rbac/migrations',
    'APP_ADMINS' => 'admin',
    'APP_ADMIN_EMAIL' => 'admin@example.com',
    'FRONT_APP_NAME' => 'Awesome application',
    'FRONT_APP_LANGUAGES' => 'uk,ru,en,ar,de',
    'FRONT_COOKIE_KEY' => 'jBVGHhUsDcv17m20dmfbkWxtLGJGm8Ur',
    'BACK_APP_NAME' => 'Awesome application',
    'BACK_APP_LANGUAGES' => 'uk,ru,en,ar,de',
    'BACK_COOKIE_KEY' => 'irDeKBJRh0q4zdyXlBTJPyLLqQDMH0fh',
]
[23-Aug-2017 10:43:09 UTC] PHP Fatal error:  Class 'front\models\Url' not found in /home/ubuntu/workspace/another.dev/app/front/models/PhotoLibrary.php on line 71
[23-Aug-2017 10:43:09 UTC] PHP Stack trace:
[23-Aug-2017 10:43:09 UTC] PHP   1. {main}() /home/ubuntu/workspace/another.dev/public/index.php:0
[23-Aug-2017 10:43:09 UTC] PHP   2. yii\base\Application->run() /home/ubuntu/workspace/another.dev/public/index.php:15
[23-Aug-2017 10:43:09 UTC] PHP   3. yii\web\Application->handleRequest() /home/ubuntu/workspace/another.dev/app/vendor/yiisoft/yii2/base/Application.php:380
[23-Aug-2017 10:43:09 UTC] PHP   4. yii\base\Module->runAction() /home/ubuntu/workspace/another.dev/app/vendor/yiisoft/yii2/web/Application.php:102
[23-Aug-2017 10:43:09 UTC] PHP   5. yii\base\Controller->runAction() /home/ubuntu/workspace/another.dev/app/vendor/yiisoft/yii2/base/Module.php:523
[23-Aug-2017 10:43:09 UTC] PHP   6. yii\base\InlineAction->runWithParams() /home/ubuntu/workspace/another.dev/app/vendor/yiisoft/yii2/base/Controller.php:156
[23-Aug-2017 10:43:09 UTC] PHP   7. call_user_func_array:{/home/ubuntu/workspace/another.dev/app/vendor/yiisoft/yii2/base/InlineAction.php:57}() /home/ubuntu/workspace/another.dev/app/vendor/yiisoft/yii2/base/InlineAction.php:57
[23-Aug-2017 10:43:09 UTC] PHP   8. front\controllers\PhotoLibraryController->actionView() /home/ubuntu/workspace/another.dev/app/vendor/yiisoft/yii2/base/InlineAction.php:57
[23-Aug-2017 10:43:09 UTC] PHP   9. yii\base\Controller->render() /home/ubuntu/workspace/another.dev/app/front/controllers/PhotoLibraryController.php:54
[23-Aug-2017 10:43:09 UTC] PHP  10. yii\base\View->render() /home/ubuntu/workspace/another.dev/app/vendor/yiisoft/yii2/base/Controller.php:381
[23-Aug-2017 10:43:09 UTC] PHP  11. yii\base\View->renderFile() /home/ubuntu/workspace/another.dev/app/vendor/yiisoft/yii2/base/View.php:152
[23-Aug-2017 10:43:09 UTC] PHP  12. yii\base\View->renderPhpFile() /home/ubuntu/workspace/another.dev/app/vendor/yiisoft/yii2/base/View.php:250
[23-Aug-2017 10:43:09 UTC] PHP  13. require() /home/ubuntu/workspace/another.dev/app/vendor/yiisoft/yii2/base/View.php:330
[23-Aug-2017 10:43:09 UTC] PHP  14. front\models\PhotoLibrary->getThumbnails() /home/ubuntu/workspace/another.dev/app/front/views/photo-library/view.php:42
[23-Aug-2017 10:43:09 UTC] PHP  15. front\models\PhotoLibrary::getUploadUrl() /home/ubuntu/workspace/another.dev/app/front/models/PhotoLibrary.php:78
[23-Aug-2017 10:48:09 UTC] PHP Fatal error:  Class 'yii\helpers\html' not found in /home/ubuntu/workspace/another.dev/app/front/controllers/PhotoLibraryController.php on line 210
[23-Aug-2017 10:48:09 UTC] PHP Stack trace:
[23-Aug-2017 10:48:09 UTC] PHP   1. {main}() /home/ubuntu/workspace/another.dev/public/index.php:0
[23-Aug-2017 10:48:09 UTC] PHP   2. yii\base\Application->run() /home/ubuntu/workspace/another.dev/public/index.php:15
[23-Aug-2017 10:48:09 UTC] PHP   3. yii\web\Application->handleRequest() /home/ubuntu/workspace/another.dev/app/vendor/yiisoft/yii2/base/Application.php:380
[23-Aug-2017 10:48:09 UTC] PHP   4. yii\base\Module->runAction() /home/ubuntu/workspace/another.dev/app/vendor/yiisoft/yii2/web/Application.php:102
[23-Aug-2017 10:48:09 UTC] PHP   5. yii\base\Controller->runAction() /home/ubuntu/workspace/another.dev/app/vendor/yiisoft/yii2/base/Module.php:523
[23-Aug-2017 10:48:09 UTC] PHP   6. yii\base\InlineAction->runWithParams() /home/ubuntu/workspace/another.dev/app/vendor/yiisoft/yii2/base/Controller.php:156
[23-Aug-2017 10:48:09 UTC] PHP   7. call_user_func_array:{/home/ubuntu/workspace/another.dev/app/vendor/yiisoft/yii2/base/InlineAction.php:57}() /home/ubuntu/workspace/another.dev/app/vendor/yiisoft/yii2/base/InlineAction.php:57
[23-Aug-2017 10:48:09 UTC] PHP   8. front\controllers\PhotoLibraryController->actionUpdate() /home/ubuntu/workspace/another.dev/app/vendor/yiisoft/yii2/base/InlineAction.php:57
[23-Aug-2017 10:48:09 UTC] PHP   9. front\controllers\PhotoLibraryController->getInitialPreview() /home/ubuntu/workspace/another.dev/app/front/controllers/PhotoLibraryController.php:85
[23-Aug-2017 10:48:09 UTC] PHP  10. front\controllers\PhotoLibraryController->getTemplatePreview() /home/ubuntu/workspace/another.dev/app/front/controllers/PhotoLibraryController.php:193
[23-Aug-2017 10:50:16 UTC] PHP Fatal error:  Class 'yii\helpers\html' not found in /home/ubuntu/workspace/another.dev/app/front/controllers/PhotoLibraryController.php on line 210
[23-Aug-2017 10:50:16 UTC] PHP Stack trace:
[23-Aug-2017 10:50:16 UTC] PHP   1. {main}() /home/ubuntu/workspace/another.dev/public/index.php:0
[23-Aug-2017 10:50:16 UTC] PHP   2. yii\base\Application->run() /home/ubuntu/workspace/another.dev/public/index.php:15
[23-Aug-2017 10:50:16 UTC] PHP   3. yii\web\Application->handleRequest() /home/ubuntu/workspace/another.dev/app/vendor/yiisoft/yii2/base/Application.php:380
[23-Aug-2017 10:50:16 UTC] PHP   4. yii\base\Module->runAction() /home/ubuntu/workspace/another.dev/app/vendor/yiisoft/yii2/web/Application.php:102
[23-Aug-2017 10:50:16 UTC] PHP   5. yii\base\Controller->runAction() /home/ubuntu/workspace/another.dev/app/vendor/yiisoft/yii2/base/Module.php:523
[23-Aug-2017 10:50:16 UTC] PHP   6. yii\base\InlineAction->runWithParams() /home/ubuntu/workspace/another.dev/app/vendor/yiisoft/yii2/base/Controller.php:156
[23-Aug-2017 10:50:16 UTC] PHP   7. call_user_func_array:{/home/ubuntu/workspace/another.dev/app/vendor/yiisoft/yii2/base/InlineAction.php:57}() /home/ubuntu/workspace/another.dev/app/vendor/yiisoft/yii2/base/InlineAction.php:57
[23-Aug-2017 10:50:16 UTC] PHP   8. front\controllers\PhotoLibraryController->actionUpdate() /home/ubuntu/workspace/another.dev/app/vendor/yiisoft/yii2/base/InlineAction.php:57
[23-Aug-2017 10:50:16 UTC] PHP   9. front\controllers\PhotoLibraryController->getInitialPreview() /home/ubuntu/workspace/another.dev/app/front/controllers/PhotoLibraryController.php:85
[23-Aug-2017 10:50:16 UTC] PHP  10. front\controllers\PhotoLibraryController->getTemplatePreview() /home/ubuntu/workspace/another.dev/app/front/controllers/PhotoLibraryController.php:193
[23-Aug-2017 10:52:14 UTC] PHP Fatal error:  Class 'yii\helpers\html' not found in /home/ubuntu/workspace/another.dev/app/front/controllers/PhotoLibraryController.php on line 210
[23-Aug-2017 10:52:14 UTC] PHP Stack trace:
[23-Aug-2017 10:52:14 UTC] PHP   1. {main}() /home/ubuntu/workspace/another.dev/public/index.php:0
[23-Aug-2017 10:52:14 UTC] PHP   2. yii\base\Application->run() /home/ubuntu/workspace/another.dev/public/index.php:15
[23-Aug-2017 10:52:14 UTC] PHP   3. yii\web\Application->handleRequest() /home/ubuntu/workspace/another.dev/app/vendor/yiisoft/yii2/base/Application.php:380
[23-Aug-2017 10:52:14 UTC] PHP   4. yii\base\Module->runAction() /home/ubuntu/workspace/another.dev/app/vendor/yiisoft/yii2/web/Application.php:102
[23-Aug-2017 10:52:14 UTC] PHP   5. yii\base\Controller->runAction() /home/ubuntu/workspace/another.dev/app/vendor/yiisoft/yii2/base/Module.php:523
[23-Aug-2017 10:52:14 UTC] PHP   6. yii\base\InlineAction->runWithParams() /home/ubuntu/workspace/another.dev/app/vendor/yiisoft/yii2/base/Controller.php:156
[23-Aug-2017 10:52:14 UTC] PHP   7. call_user_func_array:{/home/ubuntu/workspace/another.dev/app/vendor/yiisoft/yii2/base/InlineAction.php:57}() /home/ubuntu/workspace/another.dev/app/vendor/yiisoft/yii2/base/InlineAction.php:57
[23-Aug-2017 10:52:14 UTC] PHP   8. front\controllers\PhotoLibraryController->actionUpdate() /home/ubuntu/workspace/another.dev/app/vendor/yiisoft/yii2/base/InlineAction.php:57
[23-Aug-2017 10:52:14 UTC] PHP   9. front\controllers\PhotoLibraryController->getInitialPreview() /home/ubuntu/workspace/another.dev/app/front/controllers/PhotoLibraryController.php:85
[23-Aug-2017 10:52:14 UTC] PHP  10. front\controllers\PhotoLibraryController->getTemplatePreview() /home/ubuntu/workspace/another.dev/app/front/controllers/PhotoLibraryController.php:193
[23-Aug-2017 11:19:32 UTC] PHP Fatal error:  Class 'yii\helpers\html' not found in /home/ubuntu/workspace/another.dev/app/front/controllers/PhotoLibraryController.php on line 210
[23-Aug-2017 11:19:32 UTC] PHP Stack trace:
[23-Aug-2017 11:19:32 UTC] PHP   1. {main}() /home/ubuntu/workspace/another.dev/public/index.php:0
[23-Aug-2017 11:19:32 UTC] PHP   2. yii\base\Application->run() /home/ubuntu/workspace/another.dev/public/index.php:15
[23-Aug-2017 11:19:32 UTC] PHP   3. yii\web\Application->handleRequest() /home/ubuntu/workspace/another.dev/app/vendor/yiisoft/yii2/base/Application.php:380
[23-Aug-2017 11:19:32 UTC] PHP   4. yii\base\Module->runAction() /home/ubuntu/workspace/another.dev/app/vendor/yiisoft/yii2/web/Application.php:102
[23-Aug-2017 11:19:32 UTC] PHP   5. yii\base\Controller->runAction() /home/ubuntu/workspace/another.dev/app/vendor/yiisoft/yii2/base/Module.php:523
[23-Aug-2017 11:19:32 UTC] PHP   6. yii\base\InlineAction->runWithParams() /home/ubuntu/workspace/another.dev/app/vendor/yiisoft/yii2/base/Controller.php:156
[23-Aug-2017 11:19:32 UTC] PHP   7. call_user_func_array:{/home/ubuntu/workspace/another.dev/app/vendor/yiisoft/yii2/base/InlineAction.php:57}() /home/ubuntu/workspace/another.dev/app/vendor/yiisoft/yii2/base/InlineAction.php:57
[23-Aug-2017 11:19:32 UTC] PHP   8. front\controllers\PhotoLibraryController->actionUpdate() /home/ubuntu/workspace/another.dev/app/vendor/yiisoft/yii2/base/InlineAction.php:57
[23-Aug-2017 11:19:32 UTC] PHP   9. front\controllers\PhotoLibraryController->getInitialPreview() /home/ubuntu/workspace/another.dev/app/front/controllers/PhotoLibraryController.php:85
[23-Aug-2017 11:19:32 UTC] PHP  10. front\controllers\PhotoLibraryController->getTemplatePreview() /home/ubuntu/workspace/another.dev/app/front/controllers/PhotoLibraryController.php:193
[23-Aug-2017 11:50:29 UTC] PHP Fatal error:  Class 'yii\helpers\html' not found in /home/ubuntu/workspace/another.dev/app/front/controllers/PhotoLibraryController.php on line 210
[23-Aug-2017 11:50:29 UTC] PHP Stack trace:
[23-Aug-2017 11:50:29 UTC] PHP   1. {main}() /home/ubuntu/workspace/another.dev/public/index.php:0
[23-Aug-2017 11:50:29 UTC] PHP   2. yii\base\Application->run() /home/ubuntu/workspace/another.dev/public/index.php:15
[23-Aug-2017 11:50:29 UTC] PHP   3. yii\web\Application->handleRequest() /home/ubuntu/workspace/another.dev/app/vendor/yiisoft/yii2/base/Application.php:380
[23-Aug-2017 11:50:29 UTC] PHP   4. yii\base\Module->runAction() /home/ubuntu/workspace/another.dev/app/vendor/yiisoft/yii2/web/Application.php:102
[23-Aug-2017 11:50:29 UTC] PHP   5. yii\base\Controller->runAction() /home/ubuntu/workspace/another.dev/app/vendor/yiisoft/yii2/base/Module.php:523
[23-Aug-2017 11:50:29 UTC] PHP   6. yii\base\InlineAction->runWithParams() /home/ubuntu/workspace/another.dev/app/vendor/yiisoft/yii2/base/Controller.php:156
[23-Aug-2017 11:50:29 UTC] PHP   7. call_user_func_array:{/home/ubuntu/workspace/another.dev/app/vendor/yiisoft/yii2/base/InlineAction.php:57}() /home/ubuntu/workspace/another.dev/app/vendor/yiisoft/yii2/base/InlineAction.php:57
[23-Aug-2017 11:50:29 UTC] PHP   8. front\controllers\PhotoLibraryController->actionUpdate() /home/ubuntu/workspace/another.dev/app/vendor/yiisoft/yii2/base/InlineAction.php:57
[23-Aug-2017 11:50:29 UTC] PHP   9. front\controllers\PhotoLibraryController->getInitialPreview() /home/ubuntu/workspace/another.dev/app/front/controllers/PhotoLibraryController.php:85
[23-Aug-2017 11:50:29 UTC] PHP  10. front\controllers\PhotoLibraryController->getTemplatePreview() /home/ubuntu/workspace/another.dev/app/front/controllers/PhotoLibraryController.php:193
[23-Aug-2017 11:51:23 UTC] PHP Fatal error:  Class 'yii\helpers\html' not found in /home/ubuntu/workspace/another.dev/app/front/controllers/PhotoLibraryController.php on line 210
[23-Aug-2017 11:51:23 UTC] PHP Stack trace:
[23-Aug-2017 11:51:23 UTC] PHP   1. {main}() /home/ubuntu/workspace/another.dev/public/index.php:0
[23-Aug-2017 11:51:23 UTC] PHP   2. yii\base\Application->run() /home/ubuntu/workspace/another.dev/public/index.php:15
[23-Aug-2017 11:51:23 UTC] PHP   3. yii\web\Application->handleRequest() /home/ubuntu/workspace/another.dev/app/vendor/yiisoft/yii2/base/Application.php:380
[23-Aug-2017 11:51:23 UTC] PHP   4. yii\base\Module->runAction() /home/ubuntu/workspace/another.dev/app/vendor/yiisoft/yii2/web/Application.php:102
[23-Aug-2017 11:51:23 UTC] PHP   5. yii\base\Controller->runAction() /home/ubuntu/workspace/another.dev/app/vendor/yiisoft/yii2/base/Module.php:523
[23-Aug-2017 11:51:23 UTC] PHP   6. yii\base\InlineAction->runWithParams() /home/ubuntu/workspace/another.dev/app/vendor/yiisoft/yii2/base/Controller.php:156
[23-Aug-2017 11:51:23 UTC] PHP   7. call_user_func_array:{/home/ubuntu/workspace/another.dev/app/vendor/yiisoft/yii2/base/InlineAction.php:57}() /home/ubuntu/workspace/another.dev/app/vendor/yiisoft/yii2/base/InlineAction.php:57
[23-Aug-2017 11:51:23 UTC] PHP   8. front\controllers\PhotoLibraryController->actionUpdate() /home/ubuntu/workspace/another.dev/app/vendor/yiisoft/yii2/base/InlineAction.php:57
[23-Aug-2017 11:51:23 UTC] PHP   9. front\controllers\PhotoLibraryController->getInitialPreview() /home/ubuntu/workspace/another.dev/app/front/controllers/PhotoLibraryController.php:85
[23-Aug-2017 11:51:23 UTC] PHP  10. front\controllers\PhotoLibraryController->getTemplatePreview() /home/ubuntu/workspace/another.dev/app/front/controllers/PhotoLibraryController.php:193
