[17-Aug-2017 10:42:24 UTC] PHP Fatal error:  Class 'yii\Helpers\Html' not found in /home/ubuntu/workspace/another.dev/app/back/views/site/blocks.php on line 9
[17-Aug-2017 10:42:24 UTC] PHP Stack trace:
[17-Aug-2017 10:42:24 UTC] PHP   1. {main}() /home/ubuntu/workspace/another.dev/public/admin/index.php:0
[17-Aug-2017 10:42:24 UTC] PHP   2. yii\base\Application->run() /home/ubuntu/workspace/another.dev/public/admin/index.php:15
[17-Aug-2017 10:42:24 UTC] PHP   3. yii\web\Application->handleRequest() /home/ubuntu/workspace/another.dev/app/vendor/yiisoft/yii2/base/Application.php:380
[17-Aug-2017 10:42:24 UTC] PHP   4. yii\base\Module->runAction() /home/ubuntu/workspace/another.dev/app/vendor/yiisoft/yii2/web/Application.php:102
[17-Aug-2017 10:42:24 UTC] PHP   5. yii\base\Controller->runAction() /home/ubuntu/workspace/another.dev/app/vendor/yiisoft/yii2/base/Module.php:523
[17-Aug-2017 10:42:24 UTC] PHP   6. yii\base\InlineAction->runWithParams() /home/ubuntu/workspace/another.dev/app/vendor/yiisoft/yii2/base/Controller.php:156
[17-Aug-2017 10:42:24 UTC] PHP   7. call_user_func_array:{/home/ubuntu/workspace/another.dev/app/vendor/yiisoft/yii2/base/InlineAction.php:57}() /home/ubuntu/workspace/another.dev/app/vendor/yiisoft/yii2/base/InlineAction.php:57
[17-Aug-2017 10:42:24 UTC] PHP   8. back\controllers\SiteController->actionBlocks() /home/ubuntu/workspace/another.dev/app/vendor/yiisoft/yii2/base/InlineAction.php:57
[17-Aug-2017 10:42:24 UTC] PHP   9. yii\base\Controller->render() /home/ubuntu/workspace/another.dev/app/back/controllers/SiteController.php:34
[17-Aug-2017 10:42:24 UTC] PHP  10. yii\base\View->render() /home/ubuntu/workspace/another.dev/app/vendor/yiisoft/yii2/base/Controller.php:381
[17-Aug-2017 10:42:24 UTC] PHP  11. yii\base\View->renderFile() /home/ubuntu/workspace/another.dev/app/vendor/yiisoft/yii2/base/View.php:152
[17-Aug-2017 10:42:24 UTC] PHP  12. yii\base\View->renderPhpFile() /home/ubuntu/workspace/another.dev/app/vendor/yiisoft/yii2/base/View.php:250
[17-Aug-2017 10:42:24 UTC] PHP  13. require() /home/ubuntu/workspace/another.dev/app/vendor/yiisoft/yii2/base/View.php:330
[17-Aug-2017 10:42:46 UTC] PHP Warning:  The use statement with non-compound name 'Yii' has no effect in /home/ubuntu/workspace/another.dev/app/back/views/site/blocks.php on line 2
[17-Aug-2017 10:42:46 UTC] PHP Stack trace:
[17-Aug-2017 10:42:46 UTC] PHP   1. {main}() /home/ubuntu/workspace/another.dev/public/admin/index.php:0
[17-Aug-2017 10:42:46 UTC] PHP   2. yii\base\Application->run() /home/ubuntu/workspace/another.dev/public/admin/index.php:15
[17-Aug-2017 10:42:46 UTC] PHP   3. yii\web\Application->handleRequest() /home/ubuntu/workspace/another.dev/app/vendor/yiisoft/yii2/base/Application.php:380
[17-Aug-2017 10:42:46 UTC] PHP   4. yii\base\Module->runAction() /home/ubuntu/workspace/another.dev/app/vendor/yiisoft/yii2/web/Application.php:102
[17-Aug-2017 10:42:46 UTC] PHP   5. yii\base\Controller->runAction() /home/ubuntu/workspace/another.dev/app/vendor/yiisoft/yii2/base/Module.php:523
[17-Aug-2017 10:42:46 UTC] PHP   6. yii\base\InlineAction->runWithParams() /home/ubuntu/workspace/another.dev/app/vendor/yiisoft/yii2/base/Controller.php:156
[17-Aug-2017 10:42:46 UTC] PHP   7. call_user_func_array:{/home/ubuntu/workspace/another.dev/app/vendor/yiisoft/yii2/base/InlineAction.php:57}() /home/ubuntu/workspace/another.dev/app/vendor/yiisoft/yii2/base/InlineAction.php:57
[17-Aug-2017 10:42:46 UTC] PHP   8. back\controllers\SiteController->actionBlocks() /home/ubuntu/workspace/another.dev/app/vendor/yiisoft/yii2/base/InlineAction.php:57
[17-Aug-2017 10:42:46 UTC] PHP   9. yii\base\Controller->render() /home/ubuntu/workspace/another.dev/app/back/controllers/SiteController.php:34
[17-Aug-2017 10:42:46 UTC] PHP  10. yii\base\View->render() /home/ubuntu/workspace/another.dev/app/vendor/yiisoft/yii2/base/Controller.php:381
[17-Aug-2017 10:42:46 UTC] PHP  11. yii\base\View->renderFile() /home/ubuntu/workspace/another.dev/app/vendor/yiisoft/yii2/base/View.php:152
[17-Aug-2017 10:42:46 UTC] PHP  12. yii\base\View->renderPhpFile() /home/ubuntu/workspace/another.dev/app/vendor/yiisoft/yii2/base/View.php:250
[17-Aug-2017 10:42:46 UTC] PHP Fatal error:  Class 'yii\Helpers\Html' not found in /home/ubuntu/workspace/another.dev/app/back/views/site/blocks.php on line 9
[17-Aug-2017 10:42:46 UTC] PHP Stack trace:
[17-Aug-2017 10:42:46 UTC] PHP   1. {main}() /home/ubuntu/workspace/another.dev/public/admin/index.php:0
[17-Aug-2017 10:42:46 UTC] PHP   2. yii\base\Application->run() /home/ubuntu/workspace/another.dev/public/admin/index.php:15
[17-Aug-2017 10:42:46 UTC] PHP   3. yii\web\Application->handleRequest() /home/ubuntu/workspace/another.dev/app/vendor/yiisoft/yii2/base/Application.php:380
[17-Aug-2017 10:42:46 UTC] PHP   4. yii\base\Module->runAction() /home/ubuntu/workspace/another.dev/app/vendor/yiisoft/yii2/web/Application.php:102
[17-Aug-2017 10:42:46 UTC] PHP   5. yii\base\Controller->runAction() /home/ubuntu/workspace/another.dev/app/vendor/yiisoft/yii2/base/Module.php:523
[17-Aug-2017 10:42:46 UTC] PHP   6. yii\base\InlineAction->runWithParams() /home/ubuntu/workspace/another.dev/app/vendor/yiisoft/yii2/base/Controller.php:156
[17-Aug-2017 10:42:46 UTC] PHP   7. call_user_func_array:{/home/ubuntu/workspace/another.dev/app/vendor/yiisoft/yii2/base/InlineAction.php:57}() /home/ubuntu/workspace/another.dev/app/vendor/yiisoft/yii2/base/InlineAction.php:57
[17-Aug-2017 10:42:46 UTC] PHP   8. back\controllers\SiteController->actionBlocks() /home/ubuntu/workspace/another.dev/app/vendor/yiisoft/yii2/base/InlineAction.php:57
[17-Aug-2017 10:42:46 UTC] PHP   9. yii\base\Controller->render() /home/ubuntu/workspace/another.dev/app/back/controllers/SiteController.php:34
[17-Aug-2017 10:42:46 UTC] PHP  10. yii\base\View->render() /home/ubuntu/workspace/another.dev/app/vendor/yiisoft/yii2/base/Controller.php:381
[17-Aug-2017 10:42:46 UTC] PHP  11. yii\base\View->renderFile() /home/ubuntu/workspace/another.dev/app/vendor/yiisoft/yii2/base/View.php:152
[17-Aug-2017 10:42:46 UTC] PHP  12. yii\base\View->renderPhpFile() /home/ubuntu/workspace/another.dev/app/vendor/yiisoft/yii2/base/View.php:250
[17-Aug-2017 10:42:46 UTC] PHP  13. require() /home/ubuntu/workspace/another.dev/app/vendor/yiisoft/yii2/base/View.php:330
[17-Aug-2017 10:43:25 UTC] PHP Warning:  The use statement with non-compound name 'Yii' has no effect in /home/ubuntu/workspace/another.dev/app/back/views/site/blocks.php on line 2
[17-Aug-2017 10:43:25 UTC] PHP Stack trace:
[17-Aug-2017 10:43:25 UTC] PHP   1. {main}() /home/ubuntu/workspace/another.dev/public/admin/index.php:0
[17-Aug-2017 10:43:25 UTC] PHP   2. yii\base\Application->run() /home/ubuntu/workspace/another.dev/public/admin/index.php:15
[17-Aug-2017 10:43:25 UTC] PHP   3. yii\web\Application->handleRequest() /home/ubuntu/workspace/another.dev/app/vendor/yiisoft/yii2/base/Application.php:380
[17-Aug-2017 10:43:25 UTC] PHP   4. yii\base\Module->runAction() /home/ubuntu/workspace/another.dev/app/vendor/yiisoft/yii2/web/Application.php:102
[17-Aug-2017 10:43:25 UTC] PHP   5. yii\base\Controller->runAction() /home/ubuntu/workspace/another.dev/app/vendor/yiisoft/yii2/base/Module.php:523
[17-Aug-2017 10:43:25 UTC] PHP   6. yii\base\InlineAction->runWithParams() /home/ubuntu/workspace/another.dev/app/vendor/yiisoft/yii2/base/Controller.php:156
[17-Aug-2017 10:43:25 UTC] PHP   7. call_user_func_array:{/home/ubuntu/workspace/another.dev/app/vendor/yiisoft/yii2/base/InlineAction.php:57}() /home/ubuntu/workspace/another.dev/app/vendor/yiisoft/yii2/base/InlineAction.php:57
[17-Aug-2017 10:43:25 UTC] PHP   8. back\controllers\SiteController->actionBlocks() /home/ubuntu/workspace/another.dev/app/vendor/yiisoft/yii2/base/InlineAction.php:57
[17-Aug-2017 10:43:25 UTC] PHP   9. yii\base\Controller->render() /home/ubuntu/workspace/another.dev/app/back/controllers/SiteController.php:34
[17-Aug-2017 10:43:25 UTC] PHP  10. yii\base\View->render() /home/ubuntu/workspace/another.dev/app/vendor/yiisoft/yii2/base/Controller.php:381
[17-Aug-2017 10:43:25 UTC] PHP  11. yii\base\View->renderFile() /home/ubuntu/workspace/another.dev/app/vendor/yiisoft/yii2/base/View.php:152
[17-Aug-2017 10:43:25 UTC] PHP  12. yii\base\View->renderPhpFile() /home/ubuntu/workspace/another.dev/app/vendor/yiisoft/yii2/base/View.php:250
